SF:lib\models\Tournament\tournament.g.dart
DA:13,1
DA:29,1
DA:33,2
DA:36,1
DA:40,1
DA:53,1
DA:54,0
DA:56,1
DA:57,2
DA:64,1
DA:66,1
DA:68,0
DA:70,1
DA:72,1
DA:74,1
DA:76,1
DA:77,2
DA:81,1
DA:83,5
DA:86,0
DA:88,0
DA:89,0
DA:90,0
DA:93,0
DA:94,0
DA:105,0
DA:106,0
DA:147,1
DA:153,0
DA:154,0
DA:165,0
DA:167,0
DA:168,0
DA:170,0
DA:175,0
DA:177,0
DA:178,0
DA:180,0
DA:185,1
DA:187,2
DA:190,0
DA:204,0
DA:205,0
DA:206,0
DA:207,0
DA:208,0
DA:209,0
DA:210,0
DA:211,0
DA:212,0
DA:213,0
DA:214,0
DA:215,0
DA:216,0
DA:217,0
DA:218,0
DA:219,0
DA:220,0
DA:223,0
DA:226,1
DA:227,2
DA:230,0
DA:232,0
DA:233,0
DA:234,0
DA:235,0
DA:238,0
DA:239,0
DA:243,0
DA:251,0
DA:253,0
DA:254,0
DA:547,1
DA:557,0
DA:560,0
DA:561,0
DA:562,0
DA:564,0
DA:565,0
DA:566,0
DA:567,0
DA:568,0
DA:569,0
DA:571,0
DA:573,0
DA:580,0
DA:582,0
DA:585,0
DA:587,0
DA:590,0
DA:592,0
DA:593,0
DA:594,0
DA:598,0
DA:600,0
DA:601,0
DA:602,0
DA:606,0
DA:617,0
DA:618,0
DA:630,0
DA:634,0
DA:645,0
DA:646,0
DA:658,0
DA:662,0
DA:673,0
DA:674,0
DA:686,0
DA:690,0
DA:700,0
DA:701,0
DA:712,0
DA:716,0
DA:726,0
DA:727,0
DA:738,0
DA:742,0
DA:753,0
DA:754,0
DA:766,0
DA:770,0
DA:781,0
DA:782,0
DA:794,0
DA:798,0
DA:809,0
DA:810,0
DA:822,0
DA:826,0
DA:837,0
DA:838,0
DA:850,0
DA:854,0
DA:865,0
DA:866,0
DA:878,0
DA:882,0
DA:893,0
DA:894,0
DA:906,0
DA:910,0
DA:920,0
DA:921,0
DA:932,0
DA:936,0
DA:947,0
DA:950,0
DA:953,0
DA:956,0
DA:959,0
DA:962,0
DA:963,0
DA:965,0
DA:966,0
DA:968,0
DA:969,0
DA:971,0
DA:972,0
DA:975,0
DA:978,0
DA:989,0
DA:992,0
DA:995,0
DA:998,0
DA:1001,0
DA:1004,0
DA:1005,0
DA:1007,0
DA:1008,0
DA:1010,0
DA:1011,0
DA:1013,0
DA:1014,0
DA:1017,0
DA:1020,0
DA:1031,0
DA:1034,0
DA:1037,0
DA:1040,0
DA:1043,0
DA:1046,0
DA:1047,0
DA:1049,0
DA:1050,0
DA:1052,0
DA:1053,0
DA:1055,0
DA:1056,0
DA:1059,0
DA:1062,0
DA:1073,0
DA:1076,0
DA:1079,0
DA:1082,0
DA:1085,0
DA:1088,0
DA:1089,0
DA:1091,0
DA:1092,0
DA:1094,0
DA:1095,0
DA:1097,0
DA:1098,0
DA:1101,0
DA:1104,0
DA:1115,0
DA:1118,0
DA:1121,0
DA:1124,0
DA:1127,0
DA:1130,0
DA:1131,0
DA:1133,0
DA:1134,0
DA:1136,0
DA:1137,0
DA:1139,0
DA:1140,0
DA:1143,0
DA:1146,0
DA:1157,0
DA:1160,0
DA:1163,0
DA:1166,0
DA:1169,0
DA:1172,0
DA:1173,0
DA:1175,0
DA:1176,0
DA:1178,0
DA:1179,0
DA:1181,0
DA:1182,0
DA:1185,0
DA:1188,0
DA:1199,0
DA:1202,0
DA:1205,0
DA:1208,0
DA:1211,0
DA:1214,0
DA:1215,0
DA:1217,0
DA:1218,0
DA:1220,0
DA:1221,0
DA:1223,0
DA:1224,0
DA:1227,0
DA:1230,0
DA:1241,0
DA:1244,0
DA:1247,0
DA:1250,0
DA:1253,0
DA:1256,0
DA:1257,0
DA:1259,0
DA:1260,0
DA:1262,0
DA:1263,0
DA:1265,0
DA:1266,0
DA:1269,0
DA:1272,0
DA:1284,0
DA:1287,0
DA:1290,0
DA:1293,0
DA:1296,0
DA:1299,0
DA:1300,0
DA:1302,0
DA:1303,0
DA:1305,0
DA:1306,0
DA:1308,0
DA:1309,0
DA:1312,0
DA:1315,0
DA:1327,0
DA:1330,0
DA:1333,0
DA:1336,0
DA:1339,0
DA:1342,0
DA:1343,0
DA:1345,0
DA:1346,0
DA:1348,0
DA:1349,0
DA:1351,0
DA:1352,0
DA:1355,0
DA:1358,0
DA:1370,0
DA:1373,0
DA:1376,0
DA:1379,0
DA:1382,0
DA:1385,0
DA:1386,0
DA:1388,0
DA:1389,0
DA:1391,0
DA:1392,0
DA:1394,0
DA:1395,0
DA:1398,0
DA:1401,0
DA:1412,0
DA:1415,0
DA:1418,0
DA:1421,0
DA:1424,0
DA:1427,0
DA:1428,0
DA:1430,0
DA:1431,0
DA:1433,0
DA:1434,0
DA:1436,0
DA:1437,0
DA:1440,0
DA:1443,0
DA:1445,0
DA:1446,0
DA:1447,0
DA:1450,0
DA:1451,0
DA:1456,0
DA:1473,0
DA:1478,0
DA:1480,0
DA:1496,0
DA:1500,0
DA:1503,0
DA:1507,0
DA:1523,0
DA:1526,0
DA:1527,0
DA:1528,0
DA:1535,0
DA:1538,0
DA:1543,0
DA:1545,0
DA:1547,0
DA:1549,0
DA:1551,0
DA:1552,0
DA:1556,0
DA:1558,0
DA:1561,0
DA:1563,0
DA:1564,0
DA:1565,0
DA:1568,0
DA:1569,0
DA:1580,0
DA:1581,0
DA:1582,0
DA:1616,0
DA:1622,0
DA:1623,0
DA:1624,0
DA:1636,0
DA:1638,0
DA:1639,0
DA:1641,0
DA:1646,0
DA:1648,0
DA:1649,0
DA:1651,0
DA:1656,0
DA:1658,0
DA:1661,0
DA:1667,0
DA:1668,0
DA:1669,0
DA:1670,0
DA:1671,0
DA:1674,0
DA:1677,0
DA:1678,0
DA:1681,0
DA:1683,0
DA:1684,0
DA:1685,0
DA:1686,0
DA:1689,0
DA:1690,0
DA:1694,0
DA:1702,0
DA:1704,0
DA:1705,0
DA:1816,0
DA:1826,0
DA:1829,0
DA:1830,0
DA:1831,0
DA:1833,0
DA:1834,0
DA:1835,0
DA:1836,0
DA:1837,0
DA:1838,0
DA:1840,0
DA:1842,0
DA:1849,0
DA:1851,0
DA:1854,0
DA:1856,0
DA:1859,0
DA:1861,0
DA:1862,0
DA:1863,0
DA:1867,0
DA:1869,0
DA:1870,0
DA:1871,0
DA:1875,0
DA:1886,0
DA:1887,0
DA:1899,0
DA:1903,0
DA:1914,0
DA:1915,0
DA:1927,0
DA:1931,0
DA:1942,0
DA:1943,0
DA:1955,0
DA:1959,0
DA:1970,0
DA:1971,0
DA:1983,0
DA:1987,0
DA:1998,0
DA:2001,0
DA:2004,0
DA:2007,0
DA:2010,0
DA:2013,0
DA:2014,0
DA:2016,0
DA:2017,0
DA:2019,0
DA:2020,0
DA:2022,0
DA:2023,0
DA:2026,0
DA:2029,0
DA:2040,0
DA:2043,0
DA:2046,0
DA:2049,0
DA:2052,0
DA:2055,0
DA:2056,0
DA:2058,0
DA:2059,0
DA:2061,0
DA:2062,0
DA:2064,0
DA:2065,0
DA:2068,0
DA:2071,0
DA:2082,0
DA:2085,0
DA:2088,0
DA:2091,0
DA:2094,0
DA:2097,0
DA:2098,0
DA:2100,0
DA:2101,0
DA:2103,0
DA:2104,0
DA:2106,0
DA:2107,0
DA:2110,0
DA:2113,0
DA:2124,0
DA:2127,0
DA:2130,0
DA:2133,0
DA:2136,0
DA:2139,0
DA:2140,0
DA:2142,0
DA:2143,0
DA:2145,0
DA:2146,0
DA:2148,0
DA:2149,0
DA:2152,0
DA:2155,0
DA:2157,0
DA:2158,0
DA:2159,0
DA:2162,0
DA:2163,0
DA:2168,0
DA:2185,0
DA:2190,0
DA:2192,0
DA:2208,0
DA:2212,0
DA:2215,0
DA:2219,0
DA:2235,0
DA:2238,0
DA:2239,0
DA:2240,0
DA:2247,0
DA:2250,0
DA:2255,0
DA:2257,0
DA:2259,0
DA:2261,0
DA:2263,0
DA:2264,0
DA:2268,0
DA:2270,0
DA:2273,0
DA:2275,0
DA:2276,0
DA:2277,0
DA:2280,0
DA:2281,0
DA:2292,0
DA:2293,0
DA:2294,0
DA:2320,0
DA:2326,0
DA:2327,0
DA:2328,0
DA:2335,0
DA:2337,0
DA:2338,0
DA:2340,0
DA:2345,0
DA:2347,0
DA:2348,0
DA:2350,0
DA:2355,0
DA:2357,0
DA:2360,0
DA:2363,0
DA:2364,0
DA:2367,0
DA:2370,0
DA:2371,0
DA:2374,0
DA:2376,0
DA:2377,0
DA:2378,0
DA:2379,0
DA:2382,0
DA:2383,0
DA:2387,0
DA:2395,0
DA:2397,0
DA:2398,0
DA:2440,0
DA:2450,0
DA:2453,0
DA:2454,0
DA:2455,0
DA:2457,0
DA:2458,0
DA:2459,0
DA:2460,0
DA:2461,0
DA:2462,0
DA:2464,0
DA:2466,0
DA:2473,0
DA:2475,0
DA:2478,0
DA:2480,0
DA:2483,0
DA:2485,0
DA:2486,0
DA:2487,0
DA:2491,0
DA:2493,0
DA:2494,0
DA:2495,0
DA:2499,0
DA:2510,0
DA:2511,0
DA:2523,0
DA:2527,0
DA:2538,0
DA:2541,0
DA:2544,0
DA:2547,0
DA:2550,0
DA:2553,0
DA:2554,0
DA:2556,0
DA:2557,0
DA:2559,0
DA:2560,0
DA:2562,0
DA:2563,0
DA:2566,0
DA:2569,0
DA:2571,0
DA:2572,0
DA:2573,0
DA:2576,0
DA:2577,0
DA:2582,0
DA:2599,0
DA:2604,0
DA:2606,0
DA:2624,0
DA:2628,0
DA:2631,0
DA:2635,0
DA:2651,0
DA:2654,0
DA:2655,0
DA:2656,0
DA:2663,0
DA:2666,0
DA:2671,0
DA:2673,0
DA:2675,0
DA:2677,0
DA:2679,0
DA:2680,0
DA:2684,0
DA:2686,0
DA:2687,0
DA:2688,0
DA:2691,0
DA:2693,0
DA:2694,0
DA:2695,0
DA:2698,0
DA:2699,0
DA:2711,0
DA:2712,0
DA:2713,0
DA:2744,0
DA:2750,0
DA:2751,0
DA:2752,0
DA:2763,0
DA:2765,0
DA:2766,0
DA:2768,0
DA:2773,0
DA:2775,0
DA:2776,0
DA:2778,0
DA:2783,0
DA:2785,0
DA:2788,0
DA:2792,0
DA:2793,0
DA:2794,0
DA:2797,0
DA:2800,0
DA:2801,0
DA:2804,0
DA:2806,0
DA:2807,0
DA:2808,0
DA:2809,0
DA:2812,0
DA:2813,0
DA:2817,0
DA:2825,0
DA:2827,0
DA:2828,0
DA:2895,0
DA:2905,0
DA:2908,0
DA:2909,0
DA:2910,0
DA:2912,0
DA:2913,0
DA:2914,0
DA:2915,0
DA:2916,0
DA:2917,0
DA:2919,0
DA:2921,0
DA:2928,0
DA:2930,0
DA:2933,0
DA:2935,0
DA:2938,0
DA:2940,0
DA:2941,0
DA:2942,0
DA:2946,0
DA:2948,0
DA:2949,0
DA:2950,0
DA:2954,0
DA:2965,0
DA:2966,0
DA:2978,0
DA:2982,0
DA:2993,0
DA:2994,0
DA:3006,0
DA:3010,0
DA:3021,0
DA:3024,0
DA:3027,0
DA:3030,0
DA:3033,0
DA:3036,0
DA:3037,0
DA:3039,0
DA:3040,0
DA:3042,0
DA:3043,0
DA:3045,0
DA:3046,0
DA:3049,0
DA:3052,0
DA:3063,0
DA:3066,0
DA:3069,0
DA:3072,0
DA:3075,0
DA:3078,0
DA:3079,0
DA:3081,0
DA:3082,0
DA:3084,0
DA:3085,0
DA:3087,0
DA:3088,0
DA:3091,0
DA:3094,0
DA:3096,0
DA:3097,0
DA:3098,0
DA:3101,0
DA:3102,0
DA:3107,0
DA:3126,0
DA:3131,0
DA:3133,0
DA:3149,0
DA:3153,0
DA:3156,0
DA:3160,0
DA:3176,0
DA:3179,0
DA:3180,0
DA:3181,0
DA:3188,0
DA:3191,0
DA:3196,0
DA:3198,0
DA:3200,0
DA:3202,0
DA:3204,0
DA:3205,0
DA:3209,0
DA:3211,0
DA:3214,0
DA:3216,0
DA:3217,0
DA:3218,0
DA:3221,0
DA:3222,0
DA:3233,0
DA:3234,0
DA:3235,0
DA:3263,0
DA:3269,0
DA:3270,0
DA:3271,0
DA:3278,0
DA:3280,0
DA:3281,0
DA:3283,0
DA:3288,0
DA:3290,0
DA:3291,0
DA:3293,0
DA:3298,0
DA:3300,0
DA:3303,0
DA:3308,0
DA:3309,0
DA:3310,0
DA:3311,0
DA:3314,0
DA:3317,0
DA:3318,0
DA:3321,0
DA:3323,0
DA:3324,0
DA:3325,0
DA:3326,0
DA:3329,0
DA:3330,0
DA:3334,0
DA:3342,0
DA:3344,0
DA:3345,0
DA:3433,0
DA:3443,0
DA:3446,0
DA:3447,0
DA:3448,0
DA:3450,0
DA:3451,0
DA:3452,0
DA:3453,0
DA:3454,0
DA:3455,0
DA:3457,0
DA:3459,0
DA:3466,0
DA:3468,0
DA:3471,0
DA:3473,0
DA:3476,0
DA:3478,0
DA:3479,0
DA:3480,0
DA:3484,0
DA:3486,0
DA:3487,0
DA:3488,0
DA:3492,0
DA:3503,0
DA:3504,0
DA:3516,0
DA:3520,0
DA:3531,0
DA:3532,0
DA:3544,0
DA:3548,0
DA:3559,0
DA:3560,0
DA:3572,0
DA:3576,0
DA:3587,0
DA:3590,0
DA:3593,0
DA:3596,0
DA:3599,0
DA:3602,0
DA:3603,0
DA:3605,0
DA:3606,0
DA:3608,0
DA:3609,0
DA:3611,0
DA:3612,0
DA:3615,0
DA:3618,0
DA:3629,0
DA:3632,0
DA:3635,0
DA:3638,0
DA:3641,0
DA:3644,0
DA:3645,0
DA:3647,0
DA:3648,0
DA:3650,0
DA:3651,0
DA:3653,0
DA:3654,0
DA:3657,0
DA:3660,0
DA:3671,0
DA:3674,0
DA:3677,0
DA:3680,0
DA:3683,0
DA:3686,0
DA:3687,0
DA:3689,0
DA:3690,0
DA:3692,0
DA:3693,0
DA:3695,0
DA:3696,0
DA:3699,0
DA:3702,0
DA:3704,0
DA:3705,0
DA:3706,0
DA:3709,0
DA:3710,0
DA:3715,0
DA:3732,0
DA:3737,0
DA:3739,0
DA:3750,2
DA:3751,1
DA:3752,1
DA:3754,2
DA:3755,2
DA:3756,2
DA:3757,1
DA:3758,1
DA:3759,1
DA:3760,1
DA:3761,1
DA:3763,2
DA:3764,1
DA:3765,1
DA:3766,1
DA:3768,2
DA:3769,1
DA:3770,1
DA:3771,1
DA:3772,2
DA:3773,3
DA:3775,1
DA:3776,1
DA:3777,1
DA:3778,2
DA:3779,2
DA:3780,2
DA:3781,2
DA:3782,2
DA:3783,1
DA:3784,1
DA:3785,1
DA:3786,1
DA:3787,1
DA:3788,1
DA:3789,1
DA:3790,1
DA:3791,1
DA:3792,2
LF:944
LH:62
end_of_record
SF:lib\models\Tournament\tournament.dart
DA:41,1
DA:42,2
DA:43,1
DA:44,1
DA:45,1
DA:46,1
DA:47,1
DA:48,1
DA:49,1
DA:50,1
DA:51,1
DA:52,1
DA:53,1
DA:54,1
DA:55,1
DA:56,1
DA:57,1
DA:58,1
DA:60,1
DA:80,2
DA:82,1
DA:83,1
DA:86,1
DA:87,1
DA:89,2
DA:91,2
DA:103,0
LF:27
LH:26
end_of_record
SF:lib\models\Tournament\tournament_state.dart
DA:1,2
DA:4,0
DA:6,0
DA:8,0
DA:10,0
DA:12,0
DA:14,0
DA:16,0
LF:8
LH:1
end_of_record
SF:lib\models\TournamentType\tournament_type.g.dart
DA:9,1
DA:10,1
DA:11,1
DA:12,1
DA:15,1
DA:16,1
DA:17,1
DA:18,1
LF:8
LH:8
end_of_record
SF:lib\models\TournamentType\tournament_type.dart
DA:11,2
DA:12,2
DA:13,2
DA:21,1
DA:22,3
LF:5
LH:5
end_of_record
SF:lib\models\game_name.dart
DA:1,2
DA:9,1
DA:11,1
DA:13,1
DA:15,1
DA:17,0
LF:6
LH:5
end_of_record
SF:lib\models\server_type.dart
DA:1,2
LF:1
LH:1
end_of_record
SF:lib\repository\tournament_repository.dart
DA:11,1
DA:13,1
DA:14,2
DA:17,1
DA:18,1
DA:19,1
DA:20,1
DA:21,1
DA:22,1
DA:24,1
DA:25,3
DA:26,2
DA:27,1
DA:28,2
DA:31,1
DA:34,1
DA:35,1
DA:36,2
DA:37,2
DA:38,1
DA:41,4
DA:42,2
DA:43,1
DA:47,1
DA:48,1
DA:49,4
DA:51,1
DA:52,2
DA:54,1
DA:55,4
DA:57,1
DA:58,3
DA:60,1
DA:61,1
DA:63,1
DA:67,2
DA:70,1
DA:74,1
DA:77,1
DA:81,2
DA:84,1
DA:88,2
DA:91,1
DA:95,2
LF:44
LH:44
end_of_record
SF:lib\models\GameMap\game_map.g.dart
DA:13,1
DA:29,0
DA:33,0
DA:36,0
DA:40,0
DA:53,0
DA:54,0
DA:56,0
DA:57,0
DA:64,0
DA:66,0
DA:68,0
DA:70,0
DA:72,0
DA:74,0
DA:76,0
DA:77,0
DA:81,0
DA:83,0
DA:86,0
DA:88,0
DA:89,0
DA:90,0
DA:93,0
DA:94,0
DA:105,0
DA:106,0
DA:129,0
DA:135,0
DA:136,0
DA:139,0
DA:141,0
DA:142,0
DA:144,0
DA:149,0
DA:151,0
DA:152,0
DA:154,0
DA:159,0
DA:161,0
DA:164,0
DA:168,0
DA:169,0
DA:170,0
DA:173,0
DA:176,0
DA:177,0
DA:180,0
DA:182,0
DA:183,0
DA:184,0
DA:185,0
DA:188,0
DA:189,0
DA:193,0
DA:201,0
DA:203,0
DA:204,0
DA:269,0
DA:279,0
DA:282,0
DA:283,0
DA:284,0
DA:286,0
DA:287,0
DA:288,0
DA:289,0
DA:290,0
DA:291,0
DA:293,0
DA:295,0
DA:302,0
DA:304,0
DA:307,0
DA:309,0
DA:312,0
DA:314,0
DA:315,0
DA:316,0
DA:320,0
DA:322,0
DA:323,0
DA:324,0
DA:328,0
DA:339,0
DA:340,0
DA:352,0
DA:356,0
DA:367,0
DA:368,0
DA:380,0
DA:384,0
DA:395,0
DA:398,0
DA:401,0
DA:404,0
DA:407,0
DA:410,0
DA:411,0
DA:413,0
DA:414,0
DA:416,0
DA:417,0
DA:419,0
DA:420,0
DA:423,0
DA:426,0
DA:437,0
DA:440,0
DA:443,0
DA:446,0
DA:449,0
DA:452,0
DA:453,0
DA:455,0
DA:456,0
DA:458,0
DA:459,0
DA:461,0
DA:462,0
DA:465,0
DA:468,0
DA:470,0
DA:471,0
DA:472,0
DA:475,0
DA:476,0
DA:481,0
DA:498,0
DA:503,0
DA:505,0
DA:516,0
DA:517,0
DA:518,0
DA:519,0
DA:521,0
DA:522,0
DA:523,0
DA:524,0
LF:139
LH:1
end_of_record
SF:lib\models\GameMap\game_map.dart
DA:14,0
DA:15,0
DA:16,0
DA:19,0
LF:4
LH:0
end_of_record
SF:lib\models\Member\member.dart
DA:13,0
DA:14,0
DA:15,0
DA:21,0
LF:4
LH:0
end_of_record
SF:lib\models\Member\member.g.dart
DA:13,1
DA:27,0
DA:31,0
DA:34,0
DA:38,0
DA:51,0
DA:52,0
DA:54,0
DA:55,0
DA:62,0
DA:64,0
DA:66,0
DA:68,0
DA:70,0
DA:72,0
DA:74,0
DA:75,0
DA:79,0
DA:81,0
DA:84,0
DA:86,0
DA:87,0
DA:88,0
DA:91,0
DA:92,0
DA:103,0
DA:104,0
DA:128,0
DA:134,0
DA:135,0
DA:138,0
DA:140,0
DA:141,0
DA:143,0
DA:148,0
DA:150,0
DA:151,0
DA:153,0
DA:158,0
DA:160,0
DA:163,0
DA:168,0
DA:169,0
DA:170,0
DA:171,0
DA:174,0
DA:177,0
DA:178,0
DA:181,0
DA:183,0
DA:184,0
DA:185,0
DA:186,0
DA:189,0
DA:190,0
DA:194,0
DA:202,0
DA:204,0
DA:205,0
DA:293,0
DA:303,0
DA:306,0
DA:307,0
DA:308,0
DA:310,0
DA:311,0
DA:312,0
DA:313,0
DA:314,0
DA:315,0
DA:317,0
DA:319,0
DA:326,0
DA:328,0
DA:331,0
DA:333,0
DA:336,0
DA:338,0
DA:339,0
DA:340,0
DA:344,0
DA:346,0
DA:347,0
DA:348,0
DA:352,0
DA:363,0
DA:364,0
DA:376,0
DA:380,0
DA:391,0
DA:392,0
DA:404,0
DA:408,0
DA:419,0
DA:420,0
DA:432,0
DA:436,0
DA:447,0
DA:450,0
DA:453,0
DA:456,0
DA:459,0
DA:462,0
DA:463,0
DA:465,0
DA:466,0
DA:468,0
DA:469,0
DA:471,0
DA:472,0
DA:475,0
DA:478,0
DA:489,0
DA:492,0
DA:495,0
DA:498,0
DA:501,0
DA:504,0
DA:505,0
DA:507,0
DA:508,0
DA:510,0
DA:511,0
DA:513,0
DA:514,0
DA:517,0
DA:520,0
DA:531,0
DA:534,0
DA:537,0
DA:540,0
DA:543,0
DA:546,0
DA:547,0
DA:549,0
DA:550,0
DA:552,0
DA:553,0
DA:555,0
DA:556,0
DA:559,0
DA:562,0
DA:564,0
DA:565,0
DA:566,0
DA:569,0
DA:570,0
DA:575,0
DA:592,0
DA:597,0
DA:599,0
DA:610,0
DA:611,0
DA:612,0
DA:613,0
DA:616,0
DA:617,0
DA:618,0
DA:619,0
LF:159
LH:1
end_of_record
SF:lib\models\MemberTournament\member_tournament.g.dart
DA:13,1
DA:29,0
DA:33,0
DA:36,0
DA:40,0
DA:53,0
DA:55,0
DA:57,0
DA:58,0
DA:65,0
DA:67,0
DA:69,0
DA:71,0
DA:73,0
DA:75,0
DA:77,0
DA:78,0
DA:82,0
DA:84,0
DA:85,0
DA:86,0
DA:89,0
DA:91,0
DA:92,0
DA:93,0
DA:96,0
DA:97,0
DA:109,0
DA:110,0
DA:137,0
DA:143,0
DA:144,0
DA:151,0
DA:153,0
DA:154,0
DA:156,0
DA:161,0
DA:163,0
DA:164,0
DA:166,0
DA:171,0
DA:173,0
DA:176,0
DA:180,0
DA:181,0
DA:182,0
DA:185,0
DA:188,0
DA:189,0
DA:192,0
DA:194,0
DA:195,0
DA:196,0
DA:197,0
DA:200,0
DA:201,0
DA:205,0
DA:213,0
DA:215,0
DA:216,0
DA:283,0
DA:293,0
DA:296,0
DA:297,0
DA:298,0
DA:300,0
DA:301,0
DA:302,0
DA:303,0
DA:304,0
DA:305,0
DA:307,0
DA:309,0
DA:316,0
DA:318,0
DA:321,0
DA:323,0
DA:326,0
DA:328,0
DA:329,0
DA:330,0
DA:334,0
DA:336,0
DA:337,0
DA:338,0
DA:342,0
DA:353,0
DA:354,0
DA:366,0
DA:370,0
DA:381,0
DA:382,0
DA:394,0
DA:398,0
DA:409,0
DA:412,0
DA:415,0
DA:418,0
DA:421,0
DA:424,0
DA:425,0
DA:427,0
DA:428,0
DA:430,0
DA:431,0
DA:433,0
DA:434,0
DA:437,0
DA:440,0
DA:451,0
DA:454,0
DA:457,0
DA:460,0
DA:463,0
DA:466,0
DA:467,0
DA:469,0
DA:470,0
DA:472,0
DA:473,0
DA:475,0
DA:476,0
DA:479,0
DA:482,0
DA:484,0
DA:485,0
DA:486,0
DA:489,0
DA:490,0
DA:495,0
DA:514,0
DA:519,0
DA:521,0
DA:537,0
DA:541,0
DA:544,0
DA:548,0
DA:564,0
DA:567,0
DA:568,0
DA:569,0
DA:576,0
DA:579,0
DA:584,0
DA:586,0
DA:588,0
DA:590,0
DA:592,0
DA:593,0
DA:597,0
DA:599,0
DA:602,0
DA:604,0
DA:605,0
DA:606,0
DA:609,0
DA:610,0
DA:621,0
DA:622,0
DA:623,0
DA:651,0
DA:657,0
DA:658,0
DA:659,0
DA:666,0
DA:668,0
DA:669,0
DA:671,0
DA:676,0
DA:678,0
DA:679,0
DA:681,0
DA:686,0
DA:688,0
DA:691,0
DA:696,0
DA:697,0
DA:698,0
DA:699,0
DA:702,0
DA:705,0
DA:706,0
DA:709,0
DA:711,0
DA:712,0
DA:713,0
DA:714,0
DA:717,0
DA:718,0
DA:722,0
DA:730,0
DA:732,0
DA:733,0
DA:821,0
DA:831,0
DA:834,0
DA:835,0
DA:836,0
DA:838,0
DA:839,0
DA:840,0
DA:841,0
DA:842,0
DA:843,0
DA:845,0
DA:847,0
DA:854,0
DA:856,0
DA:859,0
DA:861,0
DA:864,0
DA:866,0
DA:867,0
DA:868,0
DA:872,0
DA:874,0
DA:875,0
DA:876,0
DA:880,0
DA:891,0
DA:892,0
DA:904,0
DA:908,0
DA:919,0
DA:920,0
DA:932,0
DA:936,0
DA:947,0
DA:948,0
DA:960,0
DA:964,0
DA:975,0
DA:978,0
DA:981,0
DA:984,0
DA:987,0
DA:990,0
DA:991,0
DA:993,0
DA:994,0
DA:996,0
DA:997,0
DA:999,0
DA:1000,0
DA:1003,0
DA:1006,0
DA:1017,0
DA:1020,0
DA:1023,0
DA:1026,0
DA:1029,0
DA:1032,0
DA:1033,0
DA:1035,0
DA:1036,0
DA:1038,0
DA:1039,0
DA:1041,0
DA:1042,0
DA:1045,0
DA:1048,0
DA:1059,0
DA:1062,0
DA:1065,0
DA:1068,0
DA:1071,0
DA:1074,0
DA:1075,0
DA:1077,0
DA:1078,0
DA:1080,0
DA:1081,0
DA:1083,0
DA:1084,0
DA:1087,0
DA:1090,0
DA:1092,0
DA:1093,0
DA:1094,0
DA:1097,0
DA:1098,0
DA:1103,0
DA:1120,0
DA:1125,0
DA:1127,0
DA:1138,0
DA:1139,0
DA:1140,0
DA:1141,0
DA:1142,0
DA:1145,0
DA:1146,0
DA:1147,0
DA:1148,0
DA:1149,0
LF:295
LH:1
end_of_record
SF:lib\models\MemberTournament\member_tournament.dart
DA:20,0
DA:21,0
DA:22,0
DA:27,0
LF:4
LH:0
end_of_record
SF:lib\models\RoundClassementMember\round_classement_member.g.dart
DA:13,1
DA:29,0
DA:33,0
DA:36,0
DA:40,0
DA:55,0
DA:57,0
DA:59,0
DA:60,0
DA:68,0
DA:70,0
DA:72,0
DA:74,0
DA:76,0
DA:78,0
DA:80,0
DA:81,0
DA:85,0
DA:88,0
DA:89,0
DA:90,0
DA:93,0
DA:95,0
DA:96,0
DA:97,0
DA:100,0
DA:101,0
DA:113,0
DA:114,0
DA:138,0
DA:144,0
DA:145,0
DA:148,0
DA:150,0
DA:151,0
DA:153,0
DA:158,0
DA:160,0
DA:161,0
DA:163,0
DA:168,0
DA:170,0
DA:173,0
DA:178,0
DA:179,0
DA:180,0
DA:181,0
DA:184,0
DA:187,0
DA:188,0
DA:191,0
DA:193,0
DA:194,0
DA:195,0
DA:196,0
DA:199,0
DA:200,0
DA:204,0
DA:212,0
DA:214,0
DA:215,0
DA:305,0
DA:315,0
DA:318,0
DA:319,0
DA:320,0
DA:322,0
DA:323,0
DA:324,0
DA:325,0
DA:326,0
DA:327,0
DA:328,0
DA:330,0
DA:332,0
DA:339,0
DA:342,0
DA:345,0
DA:347,0
DA:350,0
DA:352,0
DA:353,0
DA:354,0
DA:358,0
DA:360,0
DA:361,0
DA:362,0
DA:366,0
DA:377,0
DA:378,0
DA:390,0
DA:394,0
DA:405,0
DA:406,0
DA:418,0
DA:422,0
DA:433,0
DA:434,0
DA:446,0
DA:450,0
DA:461,0
DA:464,0
DA:467,0
DA:470,0
DA:473,0
DA:476,0
DA:477,0
DA:479,0
DA:480,0
DA:482,0
DA:483,0
DA:485,0
DA:486,0
DA:489,0
DA:492,0
DA:503,0
DA:506,0
DA:509,0
DA:512,0
DA:515,0
DA:518,0
DA:519,0
DA:521,0
DA:522,0
DA:524,0
DA:525,0
DA:527,0
DA:528,0
DA:531,0
DA:534,0
DA:545,0
DA:548,0
DA:551,0
DA:554,0
DA:557,0
DA:560,0
DA:561,0
DA:563,0
DA:564,0
DA:566,0
DA:567,0
DA:569,0
DA:570,0
DA:573,0
DA:576,0
DA:578,0
DA:579,0
DA:580,0
DA:583,0
DA:584,0
DA:589,0
DA:608,0
DA:613,0
DA:615,0
DA:626,0
DA:628,0
DA:629,0
DA:630,0
DA:631,0
DA:632,0
DA:633,0
DA:634,0
DA:636,0
DA:638,0
DA:639,0
DA:640,0
DA:641,0
DA:642,0
DA:643,0
LF:169
LH:1
end_of_record
SF:lib\models\RoundClassementMember\round_classement_member.dart
DA:17,0
DA:18,0
DA:19,0
DA:22,0
LF:4
LH:0
end_of_record
SF:lib\models\Team\team.g.dart
DA:13,1
DA:27,0
DA:31,0
DA:34,0
DA:38,0
DA:51,0
DA:52,0
DA:54,0
DA:55,0
DA:62,0
DA:64,0
DA:66,0
DA:68,0
DA:70,0
DA:72,0
DA:74,0
DA:75,0
DA:79,0
DA:81,0
DA:84,0
DA:86,0
DA:87,0
DA:88,0
DA:91,0
DA:92,0
DA:103,0
DA:104,0
DA:134,0
DA:140,0
DA:141,0
DA:149,0
DA:151,0
DA:152,0
DA:154,0
DA:159,0
DA:161,0
DA:162,0
DA:164,0
DA:169,0
DA:171,0
DA:174,0
DA:180,0
DA:181,0
DA:182,0
DA:183,0
DA:184,0
DA:187,0
DA:190,0
DA:191,0
DA:194,0
DA:196,0
DA:197,0
DA:198,0
DA:199,0
DA:202,0
DA:203,0
DA:207,0
DA:215,0
DA:217,0
DA:218,0
DA:329,0
DA:339,0
DA:342,0
DA:343,0
DA:344,0
DA:346,0
DA:347,0
DA:348,0
DA:349,0
DA:350,0
DA:351,0
DA:353,0
DA:355,0
DA:362,0
DA:364,0
DA:367,0
DA:369,0
DA:372,0
DA:374,0
DA:375,0
DA:376,0
DA:380,0
DA:382,0
DA:383,0
DA:384,0
DA:388,0
DA:399,0
DA:400,0
DA:412,0
DA:416,0
DA:427,0
DA:428,0
DA:440,0
DA:444,0
DA:455,0
DA:456,0
DA:468,0
DA:472,0
DA:483,0
DA:484,0
DA:496,0
DA:500,0
DA:511,0
DA:514,0
DA:517,0
DA:520,0
DA:523,0
DA:526,0
DA:527,0
DA:529,0
DA:530,0
DA:532,0
DA:533,0
DA:535,0
DA:536,0
DA:539,0
DA:542,0
DA:553,0
DA:556,0
DA:559,0
DA:562,0
DA:565,0
DA:568,0
DA:569,0
DA:571,0
DA:572,0
DA:574,0
DA:575,0
DA:577,0
DA:578,0
DA:581,0
DA:584,0
DA:595,0
DA:598,0
DA:601,0
DA:604,0
DA:607,0
DA:610,0
DA:611,0
DA:613,0
DA:614,0
DA:616,0
DA:617,0
DA:619,0
DA:620,0
DA:623,0
DA:626,0
DA:637,0
DA:640,0
DA:643,0
DA:646,0
DA:649,0
DA:652,0
DA:653,0
DA:655,0
DA:656,0
DA:658,0
DA:659,0
DA:661,0
DA:662,0
DA:665,0
DA:668,0
DA:670,0
DA:671,0
DA:672,0
DA:675,0
DA:676,0
DA:681,0
DA:698,0
DA:703,0
DA:705,0
DA:723,0
DA:727,0
DA:730,0
DA:734,0
DA:750,0
DA:753,0
DA:754,0
DA:755,0
DA:762,0
DA:765,0
DA:770,0
DA:772,0
DA:774,0
DA:776,0
DA:778,0
DA:779,0
DA:783,0
DA:785,0
DA:786,0
DA:787,0
DA:790,0
DA:792,0
DA:793,0
DA:794,0
DA:797,0
DA:798,0
DA:810,0
DA:811,0
DA:812,0
DA:839,0
DA:845,0
DA:846,0
DA:847,0
DA:854,0
DA:856,0
DA:857,0
DA:859,0
DA:864,0
DA:866,0
DA:867,0
DA:869,0
DA:874,0
DA:876,0
DA:879,0
DA:883,0
DA:884,0
DA:885,0
DA:888,0
DA:891,0
DA:892,0
DA:895,0
DA:897,0
DA:898,0
DA:899,0
DA:900,0
DA:903,0
DA:904,0
DA:908,0
DA:916,0
DA:918,0
DA:919,0
DA:986,0
DA:996,0
DA:999,0
DA:1000,0
DA:1001,0
DA:1003,0
DA:1004,0
DA:1005,0
DA:1006,0
DA:1007,0
DA:1008,0
DA:1010,0
DA:1012,0
DA:1019,0
DA:1021,0
DA:1024,0
DA:1026,0
DA:1029,0
DA:1031,0
DA:1032,0
DA:1033,0
DA:1037,0
DA:1039,0
DA:1040,0
DA:1041,0
DA:1045,0
DA:1056,0
DA:1057,0
DA:1069,0
DA:1073,0
DA:1084,0
DA:1085,0
DA:1097,0
DA:1101,0
DA:1112,0
DA:1115,0
DA:1118,0
DA:1121,0
DA:1124,0
DA:1127,0
DA:1128,0
DA:1130,0
DA:1131,0
DA:1133,0
DA:1134,0
DA:1136,0
DA:1137,0
DA:1140,0
DA:1143,0
DA:1154,0
DA:1157,0
DA:1160,0
DA:1163,0
DA:1166,0
DA:1169,0
DA:1170,0
DA:1172,0
DA:1173,0
DA:1175,0
DA:1176,0
DA:1178,0
DA:1179,0
DA:1182,0
DA:1185,0
DA:1187,0
DA:1188,0
DA:1189,0
DA:1192,0
DA:1193,0
DA:1198,0
DA:1217,0
DA:1222,0
DA:1224,0
DA:1235,0
DA:1236,0
DA:1238,0
DA:1239,0
DA:1240,0
DA:1242,0
DA:1243,0
DA:1244,0
DA:1245,0
DA:1246,0
LF:315
LH:1
end_of_record
SF:lib\models\Team\team.dart
DA:16,0
DA:17,0
DA:18,0
DA:23,0
LF:4
LH:0
end_of_record
SF:lib\models\role_type.dart
DA:1,1
LF:1
LH:1
end_of_record
SF:lib\models\RangPointTournament\rang_point_tournament.g.dart
DA:13,1
DA:29,0
DA:33,0
DA:36,0
DA:40,0
DA:54,0
DA:56,0
DA:58,0
DA:59,0
DA:66,0
DA:68,0
DA:70,0
DA:72,0
DA:74,0
DA:76,0
DA:78,0
DA:79,0
DA:83,0
DA:85,0
DA:86,0
DA:87,0
DA:90,0
DA:92,0
DA:93,0
DA:94,0
DA:97,0
DA:98,0
DA:110,0
DA:111,0
DA:134,0
DA:140,0
DA:141,0
DA:144,0
DA:146,0
DA:147,0
DA:149,0
DA:154,0
DA:156,0
DA:157,0
DA:159,0
DA:164,0
DA:166,0
DA:169,0
DA:173,0
DA:174,0
DA:175,0
DA:178,0
DA:181,0
DA:182,0
DA:185,0
DA:187,0
DA:188,0
DA:189,0
DA:190,0
DA:193,0
DA:194,0
DA:198,0
DA:206,0
DA:208,0
DA:209,0
DA:276,0
DA:286,0
DA:289,0
DA:290,0
DA:291,0
DA:293,0
DA:294,0
DA:295,0
DA:296,0
DA:297,0
DA:298,0
DA:299,0
DA:301,0
DA:303,0
DA:310,0
DA:313,0
DA:316,0
DA:318,0
DA:321,0
DA:323,0
DA:324,0
DA:325,0
DA:329,0
DA:331,0
DA:332,0
DA:333,0
DA:337,0
DA:348,0
DA:349,0
DA:361,0
DA:365,0
DA:376,0
DA:377,0
DA:389,0
DA:393,0
DA:404,0
DA:407,0
DA:410,0
DA:413,0
DA:416,0
DA:419,0
DA:420,0
DA:422,0
DA:423,0
DA:425,0
DA:426,0
DA:428,0
DA:429,0
DA:432,0
DA:435,0
DA:446,0
DA:449,0
DA:452,0
DA:455,0
DA:458,0
DA:461,0
DA:462,0
DA:464,0
DA:465,0
DA:467,0
DA:468,0
DA:470,0
DA:471,0
DA:474,0
DA:477,0
DA:479,0
DA:480,0
DA:481,0
DA:484,0
DA:485,0
DA:490,0
DA:509,0
DA:514,0
DA:516,0
DA:527,0
DA:528,0
DA:529,0
DA:530,0
DA:532,0
DA:535,0
DA:537,0
DA:538,0
DA:539,0
DA:540,0
LF:144
LH:1
end_of_record
SF:lib\models\RangPointTournament\rang_point_tournament.dart
DA:13,0
DA:14,0
DA:18,0
LF:3
LH:0
end_of_record
SF:lib\models\Round\round.g.dart
DA:13,1
DA:27,0
DA:31,0
DA:34,0
DA:38,0
DA:51,0
DA:52,0
DA:54,0
DA:55,0
DA:62,0
DA:64,0
DA:66,0
DA:68,0
DA:70,0
DA:72,0
DA:74,0
DA:75,0
DA:79,0
DA:81,0
DA:84,0
DA:86,0
DA:87,0
DA:88,0
DA:91,0
DA:92,0
DA:103,0
DA:104,0
DA:131,0
DA:137,0
DA:138,0
DA:146,0
DA:148,0
DA:149,0
DA:151,0
DA:156,0
DA:158,0
DA:159,0
DA:161,0
DA:166,0
DA:168,0
DA:171,0
DA:174,0
DA:175,0
DA:178,0
DA:181,0
DA:182,0
DA:185,0
DA:187,0
DA:188,0
DA:189,0
DA:190,0
DA:193,0
DA:194,0
DA:198,0
DA:206,0
DA:208,0
DA:209,0
DA:251,0
DA:261,0
DA:264,0
DA:265,0
DA:266,0
DA:268,0
DA:269,0
DA:270,0
DA:271,0
DA:272,0
DA:273,0
DA:275,0
DA:277,0
DA:284,0
DA:286,0
DA:289,0
DA:291,0
DA:294,0
DA:296,0
DA:297,0
DA:298,0
DA:302,0
DA:304,0
DA:305,0
DA:306,0
DA:310,0
DA:321,0
DA:322,0
DA:334,0
DA:338,0
DA:349,0
DA:352,0
DA:355,0
DA:358,0
DA:361,0
DA:364,0
DA:365,0
DA:367,0
DA:368,0
DA:370,0
DA:371,0
DA:373,0
DA:374,0
DA:377,0
DA:380,0
DA:382,0
DA:383,0
DA:384,0
DA:387,0
DA:388,0
DA:393,0
DA:410,0
DA:415,0
DA:417,0
DA:435,0
DA:439,0
DA:442,0
DA:446,0
DA:464,0
DA:467,0
DA:468,0
DA:469,0
DA:477,0
DA:480,0
DA:485,0
DA:487,0
DA:489,0
DA:491,0
DA:493,0
DA:494,0
DA:498,0
DA:501,0
DA:502,0
DA:503,0
DA:506,0
DA:508,0
DA:509,0
DA:510,0
DA:513,0
DA:514,0
DA:526,0
DA:527,0
DA:528,0
DA:556,0
DA:562,0
DA:563,0
DA:564,0
DA:571,0
DA:573,0
DA:574,0
DA:576,0
DA:581,0
DA:583,0
DA:584,0
DA:586,0
DA:591,0
DA:593,0
DA:596,0
DA:601,0
DA:602,0
DA:603,0
DA:604,0
DA:607,0
DA:610,0
DA:611,0
DA:614,0
DA:616,0
DA:617,0
DA:618,0
DA:619,0
DA:622,0
DA:623,0
DA:627,0
DA:635,0
DA:637,0
DA:638,0
DA:728,0
DA:738,0
DA:741,0
DA:742,0
DA:743,0
DA:745,0
DA:746,0
DA:747,0
DA:748,0
DA:749,0
DA:750,0
DA:751,0
DA:753,0
DA:755,0
DA:762,0
DA:765,0
DA:768,0
DA:770,0
DA:773,0
DA:775,0
DA:776,0
DA:777,0
DA:781,0
DA:783,0
DA:784,0
DA:785,0
DA:789,0
DA:800,0
DA:801,0
DA:813,0
DA:817,0
DA:828,0
DA:829,0
DA:841,0
DA:845,0
DA:856,0
DA:857,0
DA:869,0
DA:873,0
DA:884,0
DA:887,0
DA:890,0
DA:893,0
DA:896,0
DA:899,0
DA:900,0
DA:902,0
DA:903,0
DA:905,0
DA:906,0
DA:908,0
DA:909,0
DA:912,0
DA:915,0
DA:926,0
DA:929,0
DA:932,0
DA:935,0
DA:938,0
DA:941,0
DA:942,0
DA:944,0
DA:945,0
DA:947,0
DA:948,0
DA:950,0
DA:951,0
DA:954,0
DA:957,0
DA:968,0
DA:971,0
DA:974,0
DA:977,0
DA:980,0
DA:983,0
DA:984,0
DA:986,0
DA:987,0
DA:989,0
DA:990,0
DA:992,0
DA:993,0
DA:996,0
DA:999,0
DA:1001,0
DA:1002,0
DA:1003,0
DA:1006,0
DA:1007,0
DA:1012,0
DA:1031,0
DA:1036,0
DA:1038,0
DA:1049,0
DA:1050,0
DA:1052,0
DA:1054,0
DA:1056,0
DA:1059,0
DA:1060,0
DA:1061,0
DA:1062,0
LF:275
LH:1
end_of_record
SF:lib\models\Round\round.dart
DA:18,0
DA:19,0
DA:20,0
DA:25,0
LF:4
LH:0
end_of_record
SF:lib\models\round_state.dart
DA:1,1
LF:1
LH:1
end_of_record
