SF:lib\pages\login\bloc\login_form_bloc.dart
DA:15,1
DA:16,1
DA:17,2
DA:18,1
DA:19,1
DA:24,1
DA:25,1
DA:27,3
DA:28,2
DA:29,2
DA:31,1
DA:32,0
DA:33,0
DA:35,0
LF:14
LH:11
end_of_record
SF:lib\app\bloc\app_event.dart
DA:4,0
DA:6,0
DA:7,0
DA:13,0
DA:18,0
DA:19,0
LF:6
LH:0
end_of_record
SF:lib\app\bloc\app_state.dart
DA:3,14
DA:9,15
DA:14,0
DA:15,0
DA:17,15
DA:22,0
DA:23,0
LF:7
LH:3
end_of_record
SF:lib\app\bloc\app_bloc.dart
DA:13,0
DA:15,0
DA:16,0
DA:17,0
DA:20,0
DA:21,0
DA:22,0
DA:23,0
DA:30,0
DA:31,0
DA:32,0
DA:33,0
DA:38,0
DA:39,0
DA:42,0
DA:44,0
DA:45,0
LF:17
LH:0
end_of_record
SF:lib\app\bloc_observer.dart
DA:5,0
DA:7,0
DA:11,0
DA:13,0
DA:14,0
DA:17,0
DA:19,0
DA:23,0
DA:25,0
LF:9
LH:0
end_of_record
SF:lib\app\routes\routes.dart
DA:6,0
DA:8,0
DA:9,0
DA:10,0
DA:11,0
LF:5
LH:0
end_of_record
SF:lib\app\view\app.dart
DA:10,0
DA:14,0
DA:18,0
DA:20,0
DA:21,0
DA:22,0
DA:23,0
DA:24,0
DA:33,14
DA:35,0
DA:37,0
DA:38,0
DA:40,0
DA:41,0
LF:14
LH:1
end_of_record
SF:lib\pages\home\view\home.dart
DA:11,0
DA:12,0
DA:13,0
DA:15,0
DA:17,0
DA:18,0
DA:20,0
DA:21,0
DA:22,0
DA:23,0
DA:33,0
DA:35,0
DA:37,0
DA:38,0
DA:40,0
DA:42,0
DA:43,0
DA:44,0
DA:45,0
DA:46,0
DA:47,0
DA:48,0
DA:50,0
DA:51,0
DA:52,0
DA:53,0
DA:54,0
DA:56,0
DA:57,0
DA:58,0
DA:59,0
DA:60,0
DA:62,0
DA:64,0
DA:65,0
DA:66,0
DA:67,0
DA:70,0
DA:71,0
DA:72,0
LF:40
LH:0
end_of_record
SF:lib\pages\start_page\view\start_page.dart
DA:9,0
DA:10,14
DA:12,0
DA:14,0
DA:15,0
DA:16,0
DA:18,0
DA:21,0
LF:8
LH:1
end_of_record
SF:lib\theme.dart
DA:4,0
DA:5,0
DA:6,0
DA:12,0
DA:13,0
DA:14,0
LF:6
LH:0
end_of_record
SF:lib\bloc\bloc_router.dart
DA:17,0
DA:18,0
LF:2
LH:0
end_of_record
SF:lib\models\Tournament\tournament.g.dart
DA:13,14
DA:29,3
DA:33,6
DA:36,1
DA:40,1
DA:53,4
DA:54,0
DA:56,4
DA:57,8
DA:64,4
DA:66,4
DA:68,0
DA:70,4
DA:72,4
DA:74,4
DA:76,4
DA:77,8
DA:81,1
DA:83,5
DA:86,0
DA:88,0
DA:89,0
DA:90,0
DA:93,0
DA:94,0
DA:105,0
DA:106,0
DA:147,4
DA:153,0
DA:154,0
DA:157,6
DA:158,3
DA:165,1
DA:167,4
DA:168,1
DA:170,1
DA:175,2
DA:177,8
DA:178,2
DA:180,2
DA:185,1
DA:187,2
DA:190,0
DA:204,0
DA:205,0
DA:206,0
DA:207,0
DA:208,0
DA:209,0
DA:210,0
DA:211,0
DA:212,0
DA:213,0
DA:214,0
DA:215,0
DA:216,0
DA:217,0
DA:218,0
DA:219,0
DA:220,0
DA:223,0
DA:226,1
DA:227,2
DA:230,0
DA:232,0
DA:233,0
DA:234,0
DA:235,0
DA:238,0
DA:239,0
DA:243,2
DA:251,0
DA:253,0
DA:254,0
DA:547,4
DA:557,0
DA:560,0
DA:561,0
DA:562,0
DA:564,0
DA:565,0
DA:566,0
DA:567,0
DA:568,0
DA:569,0
DA:571,0
DA:573,0
DA:580,0
DA:582,0
DA:585,0
DA:587,0
DA:590,0
DA:592,0
DA:593,0
DA:594,0
DA:598,0
DA:600,0
DA:601,0
DA:602,0
DA:606,0
DA:617,0
DA:618,0
DA:630,0
DA:634,0
DA:645,0
DA:646,0
DA:658,0
DA:662,0
DA:673,0
DA:674,0
DA:686,0
DA:690,0
DA:700,0
DA:701,0
DA:712,0
DA:716,0
DA:726,0
DA:727,0
DA:738,0
DA:742,0
DA:753,0
DA:754,0
DA:766,0
DA:770,0
DA:781,0
DA:782,0
DA:794,0
DA:798,0
DA:809,0
DA:810,0
DA:822,0
DA:826,0
DA:837,0
DA:838,0
DA:850,0
DA:854,0
DA:865,0
DA:866,0
DA:878,0
DA:882,0
DA:893,0
DA:894,0
DA:906,0
DA:910,0
DA:920,0
DA:921,0
DA:932,0
DA:936,0
DA:947,0
DA:950,0
DA:953,0
DA:956,0
DA:959,0
DA:962,0
DA:963,0
DA:965,0
DA:966,0
DA:968,0
DA:969,0
DA:971,0
DA:972,0
DA:975,0
DA:978,0
DA:989,0
DA:992,0
DA:995,0
DA:998,0
DA:1001,0
DA:1004,0
DA:1005,0
DA:1007,0
DA:1008,0
DA:1010,0
DA:1011,0
DA:1013,0
DA:1014,0
DA:1017,0
DA:1020,0
DA:1031,0
DA:1034,0
DA:1037,0
DA:1040,0
DA:1043,0
DA:1046,0
DA:1047,0
DA:1049,0
DA:1050,0
DA:1052,0
DA:1053,0
DA:1055,0
DA:1056,0
DA:1059,0
DA:1062,0
DA:1073,0
DA:1076,0
DA:1079,0
DA:1082,0
DA:1085,0
DA:1088,0
DA:1089,0
DA:1091,0
DA:1092,0
DA:1094,0
DA:1095,0
DA:1097,0
DA:1098,0
DA:1101,0
DA:1104,0
DA:1115,0
DA:1118,0
DA:1121,0
DA:1124,0
DA:1127,0
DA:1130,0
DA:1131,0
DA:1133,0
DA:1134,0
DA:1136,0
DA:1137,0
DA:1139,0
DA:1140,0
DA:1143,0
DA:1146,0
DA:1157,0
DA:1160,0
DA:1163,0
DA:1166,0
DA:1169,0
DA:1172,0
DA:1173,0
DA:1175,0
DA:1176,0
DA:1178,0
DA:1179,0
DA:1181,0
DA:1182,0
DA:1185,0
DA:1188,0
DA:1199,0
DA:1202,0
DA:1205,0
DA:1208,0
DA:1211,0
DA:1214,0
DA:1215,0
DA:1217,0
DA:1218,0
DA:1220,0
DA:1221,0
DA:1223,0
DA:1224,0
DA:1227,0
DA:1230,0
DA:1241,0
DA:1244,0
DA:1247,0
DA:1250,0
DA:1253,0
DA:1256,0
DA:1257,0
DA:1259,0
DA:1260,0
DA:1262,0
DA:1263,0
DA:1265,0
DA:1266,0
DA:1269,0
DA:1272,0
DA:1284,0
DA:1287,0
DA:1290,0
DA:1293,0
DA:1296,0
DA:1299,0
DA:1300,0
DA:1302,0
DA:1303,0
DA:1305,0
DA:1306,0
DA:1308,0
DA:1309,0
DA:1312,0
DA:1315,0
DA:1327,0
DA:1330,0
DA:1333,0
DA:1336,0
DA:1339,0
DA:1342,0
DA:1343,0
DA:1345,0
DA:1346,0
DA:1348,0
DA:1349,0
DA:1351,0
DA:1352,0
DA:1355,0
DA:1358,0
DA:1370,0
DA:1373,0
DA:1376,0
DA:1379,0
DA:1382,0
DA:1385,0
DA:1386,0
DA:1388,0
DA:1389,0
DA:1391,0
DA:1392,0
DA:1394,0
DA:1395,0
DA:1398,0
DA:1401,0
DA:1412,0
DA:1415,0
DA:1418,0
DA:1421,0
DA:1424,0
DA:1427,0
DA:1428,0
DA:1430,0
DA:1431,0
DA:1433,0
DA:1434,0
DA:1436,0
DA:1437,0
DA:1440,0
DA:1443,0
DA:1445,0
DA:1446,0
DA:1447,0
DA:1450,0
DA:1451,0
DA:1456,0
DA:1473,0
DA:1478,0
DA:1480,0
DA:1496,3
DA:1500,6
DA:1503,3
DA:1507,3
DA:1523,3
DA:1526,3
DA:1527,3
DA:1528,6
DA:1535,3
DA:1538,3
DA:1543,0
DA:1545,3
DA:1547,3
DA:1549,3
DA:1551,3
DA:1552,6
DA:1556,2
DA:1558,10
DA:1561,0
DA:1563,0
DA:1564,0
DA:1565,0
DA:1568,0
DA:1569,0
DA:1580,0
DA:1581,0
DA:1582,0
DA:1618,3
DA:1624,0
DA:1625,0
DA:1626,0
DA:1633,3
DA:1634,3
DA:1635,3
DA:1638,0
DA:1640,0
DA:1641,0
DA:1643,0
DA:1648,3
DA:1650,12
DA:1651,3
DA:1653,3
DA:1658,0
DA:1660,0
DA:1663,0
DA:1671,0
DA:1672,0
DA:1673,0
DA:1674,0
DA:1675,0
DA:1676,0
DA:1677,0
DA:1678,0
DA:1681,0
DA:1684,3
DA:1685,6
DA:1688,0
DA:1690,0
DA:1691,0
DA:1692,0
DA:1693,0
DA:1696,0
DA:1697,0
DA:1701,3
DA:1709,1
DA:1711,1
DA:1712,2
DA:1867,3
DA:1877,2
DA:1880,6
DA:1881,4
DA:1882,2
DA:1884,6
DA:1885,2
DA:1886,2
DA:1887,2
DA:1888,2
DA:1889,8
DA:1891,2
DA:1893,2
DA:1900,2
DA:1902,8
DA:1905,1
DA:1907,4
DA:1910,0
DA:1912,0
DA:1913,0
DA:1914,0
DA:1918,0
DA:1920,0
DA:1921,0
DA:1922,0
DA:1926,0
DA:1937,0
DA:1938,0
DA:1950,0
DA:1954,0
DA:1964,0
DA:1965,0
DA:1976,0
DA:1980,0
DA:1991,0
DA:1992,0
DA:2004,0
DA:2008,0
DA:2019,0
DA:2020,0
DA:2032,0
DA:2036,0
DA:2047,0
DA:2048,0
DA:2060,0
DA:2064,0
DA:2074,0
DA:2075,0
DA:2086,0
DA:2090,0
DA:2101,0
DA:2104,0
DA:2107,0
DA:2110,0
DA:2113,0
DA:2116,0
DA:2117,0
DA:2119,0
DA:2120,0
DA:2122,0
DA:2123,0
DA:2125,0
DA:2126,0
DA:2129,0
DA:2132,0
DA:2144,0
DA:2147,0
DA:2150,0
DA:2153,0
DA:2156,0
DA:2159,0
DA:2160,0
DA:2162,0
DA:2163,0
DA:2165,0
DA:2166,0
DA:2168,0
DA:2169,0
DA:2172,0
DA:2175,0
DA:2186,0
DA:2189,0
DA:2192,0
DA:2195,0
DA:2198,0
DA:2201,0
DA:2202,0
DA:2204,0
DA:2205,0
DA:2207,0
DA:2208,0
DA:2210,0
DA:2211,0
DA:2214,0
DA:2217,0
DA:2228,0
DA:2231,0
DA:2234,0
DA:2237,0
DA:2240,0
DA:2243,0
DA:2244,0
DA:2246,0
DA:2247,0
DA:2249,0
DA:2250,0
DA:2252,0
DA:2253,0
DA:2256,0
DA:2259,0
DA:2270,0
DA:2273,0
DA:2276,0
DA:2279,0
DA:2282,0
DA:2285,0
DA:2286,0
DA:2288,0
DA:2289,0
DA:2291,0
DA:2292,0
DA:2294,0
DA:2295,0
DA:2298,0
DA:2301,0
DA:2312,0
DA:2315,0
DA:2318,0
DA:2321,0
DA:2324,0
DA:2327,0
DA:2328,0
DA:2330,0
DA:2331,0
DA:2333,0
DA:2334,0
DA:2336,0
DA:2337,0
DA:2340,0
DA:2343,0
DA:2345,0
DA:2346,0
DA:2347,0
DA:2350,0
DA:2351,0
DA:2356,2
DA:2373,2
DA:2378,0
DA:2380,0
DA:2396,0
DA:2400,0
DA:2403,0
DA:2407,0
DA:2423,0
DA:2426,0
DA:2427,0
DA:2428,0
DA:2435,0
DA:2438,0
DA:2443,0
DA:2445,0
DA:2447,0
DA:2449,0
DA:2451,0
DA:2452,0
DA:2456,0
DA:2458,0
DA:2461,0
DA:2463,0
DA:2464,0
DA:2465,0
DA:2468,0
DA:2469,0
DA:2480,0
DA:2481,0
DA:2482,0
DA:2508,0
DA:2514,0
DA:2515,0
DA:2516,0
DA:2523,0
DA:2525,0
DA:2526,0
DA:2528,0
DA:2533,0
DA:2535,0
DA:2536,0
DA:2538,0
DA:2543,0
DA:2545,0
DA:2548,0
DA:2551,0
DA:2552,0
DA:2555,0
DA:2558,0
DA:2559,0
DA:2562,0
DA:2564,0
DA:2565,0
DA:2566,0
DA:2567,0
DA:2570,0
DA:2571,0
DA:2575,0
DA:2583,0
DA:2585,0
DA:2586,0
DA:2628,0
DA:2638,0
DA:2641,0
DA:2642,0
DA:2643,0
DA:2645,0
DA:2646,0
DA:2647,0
DA:2648,0
DA:2649,0
DA:2650,0
DA:2652,0
DA:2654,0
DA:2661,0
DA:2663,0
DA:2666,0
DA:2668,0
DA:2671,0
DA:2673,0
DA:2674,0
DA:2675,0
DA:2679,0
DA:2681,0
DA:2682,0
DA:2683,0
DA:2687,0
DA:2698,0
DA:2699,0
DA:2711,0
DA:2715,0
DA:2726,0
DA:2729,0
DA:2732,0
DA:2735,0
DA:2738,0
DA:2741,0
DA:2742,0
DA:2744,0
DA:2745,0
DA:2747,0
DA:2748,0
DA:2750,0
DA:2751,0
DA:2754,0
DA:2757,0
DA:2759,0
DA:2760,0
DA:2761,0
DA:2764,0
DA:2765,0
DA:2770,0
DA:2787,0
DA:2792,0
DA:2794,0
DA:2812,3
DA:2816,6
DA:2819,3
DA:2823,3
DA:2839,3
DA:2842,3
DA:2843,3
DA:2844,6
DA:2851,3
DA:2854,3
DA:2859,0
DA:2861,3
DA:2863,3
DA:2865,1
DA:2867,1
DA:2868,2
DA:2872,3
DA:2874,3
DA:2875,3
DA:2876,9
DA:2879,0
DA:2881,0
DA:2882,0
DA:2883,0
DA:2886,0
DA:2887,0
DA:2899,0
DA:2900,0
DA:2901,0
DA:2933,3
DA:2939,0
DA:2940,0
DA:2941,0
DA:2952,0
DA:2954,0
DA:2955,0
DA:2957,0
DA:2962,0
DA:2964,0
DA:2965,0
DA:2967,0
DA:2972,1
DA:2974,2
DA:2977,0
DA:2982,0
DA:2983,0
DA:2984,0
DA:2985,0
DA:2988,0
DA:2991,1
DA:2992,2
DA:2995,0
DA:2997,0
DA:2998,0
DA:2999,0
DA:3000,0
DA:3003,0
DA:3004,0
DA:3008,3
DA:3016,0
DA:3018,0
DA:3019,0
DA:3108,3
DA:3118,3
DA:3121,9
DA:3122,6
DA:3123,3
DA:3125,9
DA:3126,3
DA:3127,3
DA:3128,3
DA:3129,3
DA:3130,12
DA:3132,3
DA:3134,3
DA:3141,2
DA:3143,8
DA:3146,3
DA:3148,12
DA:3151,0
DA:3153,0
DA:3154,0
DA:3155,0
DA:3159,0
DA:3161,0
DA:3162,0
DA:3163,0
DA:3167,0
DA:3178,0
DA:3179,0
DA:3191,0
DA:3195,0
DA:3206,0
DA:3207,0
DA:3219,0
DA:3223,0
DA:3233,0
DA:3234,0
DA:3245,0
DA:3249,0
DA:3260,0
DA:3263,0
DA:3266,0
DA:3269,0
DA:3272,0
DA:3275,0
DA:3276,0
DA:3278,0
DA:3279,0
DA:3281,0
DA:3282,0
DA:3284,0
DA:3285,0
DA:3288,0
DA:3291,0
DA:3302,0
DA:3305,0
DA:3308,0
DA:3311,0
DA:3314,0
DA:3317,0
DA:3318,0
DA:3320,0
DA:3321,0
DA:3323,0
DA:3324,0
DA:3326,0
DA:3327,0
DA:3330,0
DA:3333,0
DA:3344,0
DA:3347,0
DA:3350,0
DA:3353,0
DA:3356,0
DA:3359,0
DA:3360,0
DA:3362,0
DA:3363,0
DA:3365,0
DA:3366,0
DA:3368,0
DA:3369,0
DA:3372,0
DA:3375,0
DA:3377,0
DA:3378,0
DA:3379,0
DA:3382,0
DA:3383,0
DA:3388,3
DA:3407,3
DA:3412,0
DA:3414,0
DA:3430,0
DA:3434,0
DA:3437,0
DA:3441,0
DA:3457,0
DA:3460,0
DA:3461,0
DA:3462,0
DA:3469,0
DA:3472,0
DA:3477,0
DA:3479,0
DA:3481,0
DA:3483,0
DA:3485,0
DA:3486,0
DA:3490,0
DA:3492,0
DA:3495,0
DA:3497,0
DA:3498,0
DA:3499,0
DA:3502,0
DA:3503,0
DA:3514,0
DA:3515,0
DA:3516,0
DA:3545,0
DA:3551,0
DA:3552,0
DA:3553,0
DA:3560,0
DA:3562,0
DA:3563,0
DA:3565,0
DA:3570,0
DA:3572,0
DA:3573,0
DA:3575,0
DA:3580,0
DA:3582,0
DA:3585,0
DA:3591,0
DA:3592,0
DA:3593,0
DA:3594,0
DA:3595,0
DA:3598,0
DA:3601,0
DA:3602,0
DA:3605,0
DA:3607,0
DA:3608,0
DA:3609,0
DA:3610,0
DA:3613,0
DA:3614,0
DA:3618,0
DA:3626,0
DA:3628,0
DA:3629,0
DA:3739,0
DA:3749,0
DA:3752,0
DA:3753,0
DA:3754,0
DA:3756,0
DA:3757,0
DA:3758,0
DA:3759,0
DA:3760,0
DA:3761,0
DA:3763,0
DA:3765,0
DA:3772,0
DA:3774,0
DA:3777,0
DA:3779,0
DA:3782,0
DA:3784,0
DA:3785,0
DA:3786,0
DA:3790,0
DA:3792,0
DA:3793,0
DA:3794,0
DA:3798,0
DA:3809,0
DA:3810,0
DA:3822,0
DA:3826,0
DA:3837,0
DA:3838,0
DA:3850,0
DA:3854,0
DA:3865,0
DA:3866,0
DA:3878,0
DA:3882,0
DA:3892,0
DA:3893,0
DA:3904,0
DA:3908,0
DA:3919,0
DA:3922,0
DA:3925,0
DA:3928,0
DA:3931,0
DA:3934,0
DA:3935,0
DA:3937,0
DA:3938,0
DA:3940,0
DA:3941,0
DA:3943,0
DA:3944,0
DA:3947,0
DA:3950,0
DA:3961,0
DA:3964,0
DA:3967,0
DA:3970,0
DA:3973,0
DA:3976,0
DA:3977,0
DA:3979,0
DA:3980,0
DA:3982,0
DA:3983,0
DA:3985,0
DA:3986,0
DA:3989,0
DA:3992,0
DA:4003,0
DA:4006,0
DA:4009,0
DA:4012,0
DA:4015,0
DA:4018,0
DA:4019,0
DA:4021,0
DA:4022,0
DA:4024,0
DA:4025,0
DA:4027,0
DA:4028,0
DA:4031,0
DA:4034,0
DA:4045,0
DA:4048,0
DA:4051,0
DA:4054,0
DA:4057,0
DA:4060,0
DA:4061,0
DA:4063,0
DA:4064,0
DA:4066,0
DA:4067,0
DA:4069,0
DA:4070,0
DA:4073,0
DA:4076,0
DA:4078,0
DA:4079,0
DA:4080,0
DA:4083,0
DA:4084,0
DA:4089,0
DA:4106,0
DA:4111,0
DA:4113,0
DA:4124,6
DA:4125,3
DA:4126,3
DA:4128,6
DA:4129,6
DA:4130,6
DA:4131,3
DA:4132,3
DA:4133,3
DA:4134,3
DA:4135,3
DA:4137,6
DA:4138,3
DA:4139,3
DA:4140,3
DA:4142,6
DA:4143,3
DA:4144,3
DA:4145,3
DA:4146,6
DA:4147,9
DA:4149,4
DA:4150,4
DA:4151,4
DA:4152,8
DA:4153,8
DA:4154,8
DA:4155,8
DA:4156,8
DA:4157,4
DA:4158,4
DA:4159,4
DA:4160,4
DA:4161,4
DA:4162,4
DA:4163,4
DA:4164,4
DA:4165,4
DA:4166,8
LF:1030
LH:167
end_of_record
SF:lib\models\Tournament\tournament.dart
DA:41,3
DA:42,6
DA:43,3
DA:44,3
DA:45,3
DA:46,3
DA:47,3
DA:48,3
DA:49,3
DA:50,3
DA:51,3
DA:52,3
DA:53,3
DA:54,3
DA:55,3
DA:56,3
DA:57,3
DA:58,3
DA:60,6
DA:80,8
DA:82,3
DA:83,3
DA:86,3
DA:87,3
DA:89,8
DA:91,6
DA:103,0
LF:27
LH:26
end_of_record
SF:lib\models\game_name.dart
DA:1,17
DA:9,1
DA:11,1
DA:13,1
DA:15,1
DA:17,0
LF:6
LH:5
end_of_record
SF:lib\pages\cup_details\view\cup_detail_page.dart
DA:28,0
DA:29,0
DA:30,0
DA:32,0
DA:33,0
DA:35,0
DA:36,0
DA:37,0
DA:38,0
DA:39,0
DA:40,0
DA:41,0
DA:43,0
DA:44,0
DA:46,0
DA:47,0
DA:50,0
DA:51,0
DA:53,0
DA:54,0
DA:56,0
DA:57,0
DA:59,0
DA:60,0
DA:62,0
DA:63,0
DA:65,0
DA:66,0
DA:68,0
DA:69,0
DA:72,0
DA:73,0
LF:32
LH:0
end_of_record
SF:lib\pages\form_tournament\view\form_tournament.dart
DA:23,0
DA:24,0
DA:27,0
DA:30,0
DA:31,0
DA:33,0
DA:34,0
DA:35,0
DA:36,0
DA:37,0
DA:39,0
DA:40,0
DA:41,0
DA:43,0
DA:44,0
DA:46,0
DA:47,0
DA:49,0
DA:50,0
DA:52,0
DA:53,0
DA:55,0
DA:56,0
DA:58,0
DA:59,0
DA:61,0
DA:62,0
DA:64,0
DA:65,0
DA:68,0
LF:30
LH:0
end_of_record
SF:lib\pages\list_cup\view\list_cup_view.dart
DA:17,0
DA:19,0
DA:21,0
DA:23,0
DA:24,0
DA:25,0
DA:26,0
DA:28,0
DA:30,0
DA:31,0
DA:33,0
DA:37,0
DA:38,0
DA:40,0
DA:41,0
DA:42,0
DA:44,0
DA:45,0
DA:46,0
DA:47,0
DA:48,0
DA:63,0
LF:22
LH:0
end_of_record
SF:lib\bloc\form_tournament_step_2_bloc\form_tournament_step_2_event.dart
DA:4,14
DA:5,0
DA:6,0
DA:10,0
DA:14,0
DA:15,0
DA:18,0
DA:22,0
DA:23,0
DA:26,0
DA:30,0
DA:31,0
DA:34,0
DA:38,0
DA:39,0
DA:42,0
DA:46,0
DA:47,0
DA:50,0
DA:54,0
DA:55,0
DA:58,0
DA:62,0
DA:63,0
DA:66,0
DA:70,0
DA:71,0
DA:74,0
DA:78,0
DA:79,0
DA:82,0
DA:86,0
DA:87,0
DA:90,0
DA:94,0
DA:95,0
DA:98,0
DA:102,0
DA:103,0
DA:107,14
LF:40
LH:2
end_of_record
SF:lib\bloc\form_tournament_step_2_bloc\form_tournament_step_2_bloc.dart
DA:22,0
DA:23,0
DA:24,0
DA:25,0
DA:26,0
DA:27,0
DA:28,0
DA:29,0
DA:30,0
DA:31,0
DA:32,0
DA:33,0
DA:34,0
DA:35,0
DA:40,0
DA:41,0
DA:42,0
DA:44,0
DA:48,0
DA:50,0
DA:51,0
DA:53,0
DA:57,0
DA:58,0
DA:59,0
DA:61,0
DA:65,0
DA:66,0
DA:67,0
DA:69,0
DA:73,0
DA:74,0
DA:75,0
DA:77,0
DA:81,0
DA:82,0
DA:83,0
DA:85,0
DA:88,0
DA:89,0
DA:90,0
DA:92,0
DA:96,0
DA:97,0
DA:98,0
DA:100,0
DA:104,0
DA:105,0
DA:106,0
DA:108,0
DA:111,0
DA:112,0
DA:113,0
DA:115,0
DA:118,0
DA:119,0
DA:120,0
DA:122,0
DA:126,0
DA:127,0
DA:128,0
DA:130,0
DA:134,0
DA:136,0
DA:137,0
DA:140,0
DA:142,0
LF:67
LH:0
end_of_record
SF:lib\bloc\form_tournament_step_2_bloc\form_tournament_step_2_state.dart
DA:19,0
DA:38,0
DA:53,0
DA:54,0
DA:55,0
DA:56,0
DA:57,0
DA:58,0
DA:59,0
DA:60,0
DA:61,0
DA:62,0
DA:63,0
DA:64,0
DA:65,0
DA:66,0
DA:69,0
DA:70,0
LF:18
LH:0
end_of_record
SF:lib\models\validator\name_cup.dart
DA:3,14
DA:6,14
DA:7,0
DA:9,0
DA:11,0
LF:5
LH:2
end_of_record
SF:lib\models\validator\number_round.dart
DA:3,14
DA:6,14
DA:7,0
DA:9,0
DA:11,0
LF:5
LH:2
end_of_record
SF:lib\models\validator\player_by_team.dart
DA:3,14
DA:6,14
DA:7,0
DA:9,0
DA:11,0
LF:5
LH:2
end_of_record
SF:lib\models\validator\server_type.dart
DA:3,14
DA:6,14
DA:7,0
DA:9,0
DA:11,0
LF:5
LH:2
end_of_record
SF:lib\models\validator\day.dart
DA:3,14
DA:6,14
DA:7,0
DA:9,0
DA:17,0
DA:19,0
LF:6
LH:2
end_of_record
SF:lib\models\validator\hours.dart
DA:3,14
DA:6,14
DA:7,0
DA:9,0
DA:12,0
DA:14,0
DA:16,0
DA:18,0
DA:20,0
DA:21,0
LF:10
LH:2
end_of_record
SF:lib\models\validator\month.dart
DA:3,14
DA:6,14
DA:7,0
DA:9,0
DA:13,0
DA:15,0
LF:6
LH:2
end_of_record
SF:lib\models\validator\number_team.dart
DA:3,14
DA:6,14
DA:7,0
DA:9,0
DA:11,0
DA:13,0
LF:6
LH:2
end_of_record
SF:lib\models\validator\years.dart
DA:3,14
DA:6,14
DA:7,0
DA:9,0
DA:13,0
DA:15,0
LF:6
LH:2
end_of_record
SF:lib\bloc\form_tournament_step_3_bloc\form_tournament_step_3_state.dart
DA:10,0
DA:19,0
DA:25,0
DA:26,0
DA:27,0
DA:28,0
DA:29,0
DA:32,0
DA:33,0
LF:9
LH:0
end_of_record
SF:lib\bloc\form_tournament_step_3_bloc\form_tournament_step_3_event.dart
DA:4,14
DA:5,0
DA:6,0
DA:10,0
DA:14,0
DA:15,0
DA:18,0
DA:22,0
DA:23,0
DA:26,0
DA:30,0
DA:31,0
DA:35,14
LF:13
LH:2
end_of_record
SF:lib\bloc\form_tournament_step_3_bloc\form_tournament_step_3_bloc.dart
DA:16,0
DA:17,0
DA:18,0
DA:19,0
DA:21,0
DA:24,0
DA:25,0
DA:26,0
DA:28,0
DA:34,0
DA:35,0
DA:36,0
DA:39,0
DA:41,0
DA:52,0
DA:53,0
DA:54,0
DA:56,0
DA:60,0
DA:61,0
DA:62,0
DA:64,0
LF:22
LH:0
end_of_record
SF:lib\models\validator\point_per_kill.dart
DA:3,14
DA:6,14
DA:7,0
DA:9,0
DA:11,0
LF:5
LH:2
end_of_record
SF:lib\models\validator\point_per_rang.dart
DA:3,14
DA:6,14
DA:7,0
DA:9,0
DA:11,0
LF:5
LH:2
end_of_record
SF:lib\models\validator\start_rang.dart
DA:3,14
DA:6,14
DA:7,0
DA:9,0
DA:11,0
LF:5
LH:2
end_of_record
SF:lib\bloc\form_tournament_step_4_bloc\form_tournament_step_4_event.dart
DA:4,28
DA:5,0
DA:6,0
DA:10,14
DA:14,0
DA:15,0
DA:19,14
LF:7
LH:3
end_of_record
SF:lib\bloc\form_tournament_step_4_bloc\form_tournament_step_4_bloc.dart
DA:20,0
DA:21,0
DA:22,0
DA:28,0
DA:29,0
DA:30,0
DA:32,0
DA:39,0
DA:40,0
DA:41,0
DA:44,0
DA:46,0
LF:12
LH:0
end_of_record
SF:lib\bloc\form_tournament_step_4_bloc\form_tournament_step_4_state.dart
DA:9,0
DA:16,0
DA:21,0
DA:22,0
DA:23,0
DA:27,0
DA:28,0
LF:7
LH:0
end_of_record
SF:lib\models\validator\cash_prize.dart
DA:3,14
DA:6,0
DA:7,0
DA:9,0
DA:11,0
LF:5
LH:1
end_of_record
SF:lib\models\validator\image_cup.dart
DA:5,14
DA:8,14
DA:9,0
DA:11,0
LF:4
LH:2
end_of_record
SF:lib\bloc\member_tournament_firestore_bloc\member_tournament_firestore_state.dart
DA:4,0
DA:5,0
DA:6,0
DA:14,0
LF:4
LH:0
end_of_record
SF:lib\bloc\member_tournament_firestore_bloc\member_tournament_firestore_bloc.dart
DA:15,14
DA:22,0
DA:23,0
DA:27,0
DA:29,0
DA:31,0
DA:33,0
DA:34,0
DA:36,0
DA:39,0
DA:45,0
DA:49,0
DA:53,0
DA:56,0
DA:58,0
DA:60,0
DA:63,0
DA:65,0
DA:68,0
DA:69,0
DA:70,0
DA:72,0
DA:73,0
DA:74,0
DA:75,0
DA:79,0
DA:81,0
DA:82,0
DA:83,0
DA:84,0
DA:85,0
DA:86,0
LF:32
LH:1
end_of_record
SF:lib\bloc\member_tournament_firestore_bloc\member_tournament_firestore_event.dart
DA:4,0
DA:6,0
DA:7,0
DA:14,0
DA:15,0
LF:5
LH:0
end_of_record
SF:lib\models\Member\member.dart
DA:13,9
DA:14,8
DA:15,8
DA:17,3
DA:18,12
DA:24,0
LF:6
LH:5
end_of_record
SF:lib\models\Member\member.g.dart
DA:13,14
DA:27,1
DA:31,2
DA:34,1
DA:38,1
DA:51,2
DA:52,0
DA:54,2
DA:55,4
DA:62,2
DA:64,2
DA:66,0
DA:68,2
DA:70,2
DA:72,2
DA:74,2
DA:75,4
DA:79,0
DA:81,0
DA:84,0
DA:86,0
DA:87,0
DA:88,0
DA:91,0
DA:92,0
DA:103,0
DA:104,0
DA:129,2
DA:135,0
DA:136,0
DA:139,2
DA:141,8
DA:142,2
DA:144,2
DA:149,1
DA:151,4
DA:152,1
DA:154,1
DA:159,0
DA:161,0
DA:164,0
DA:170,0
DA:171,0
DA:172,0
DA:173,0
DA:174,0
DA:177,0
DA:180,1
DA:181,2
DA:184,0
DA:186,0
DA:187,0
DA:188,0
DA:189,0
DA:192,0
DA:193,0
DA:197,2
DA:205,0
DA:207,0
DA:208,0
DA:318,2
DA:328,0
DA:331,0
DA:332,0
DA:333,0
DA:335,0
DA:336,0
DA:337,0
DA:338,0
DA:339,0
DA:340,0
DA:342,0
DA:344,0
DA:351,0
DA:353,0
DA:356,0
DA:358,0
DA:361,0
DA:363,0
DA:364,0
DA:365,0
DA:369,0
DA:371,0
DA:372,0
DA:373,0
DA:377,0
DA:388,0
DA:389,0
DA:401,0
DA:405,0
DA:416,0
DA:417,0
DA:429,0
DA:433,0
DA:444,0
DA:445,0
DA:457,0
DA:461,0
DA:471,0
DA:472,0
DA:483,0
DA:487,0
DA:498,0
DA:501,0
DA:504,0
DA:507,0
DA:510,0
DA:513,0
DA:514,0
DA:516,0
DA:517,0
DA:519,0
DA:520,0
DA:522,0
DA:523,0
DA:526,0
DA:529,0
DA:540,0
DA:543,0
DA:546,0
DA:549,0
DA:552,0
DA:555,0
DA:556,0
DA:558,0
DA:559,0
DA:561,0
DA:562,0
DA:564,0
DA:565,0
DA:568,0
DA:571,0
DA:582,0
DA:585,0
DA:588,0
DA:591,0
DA:594,0
DA:597,0
DA:598,0
DA:600,0
DA:601,0
DA:603,0
DA:604,0
DA:606,0
DA:607,0
DA:610,0
DA:613,0
DA:624,0
DA:627,0
DA:630,0
DA:633,0
DA:636,0
DA:639,0
DA:640,0
DA:642,0
DA:643,0
DA:645,0
DA:646,0
DA:648,0
DA:649,0
DA:652,0
DA:655,0
DA:657,0
DA:658,0
DA:659,0
DA:662,0
DA:663,0
DA:668,0
DA:685,0
DA:690,0
DA:692,0
DA:703,8
DA:704,4
DA:705,4
DA:706,4
DA:709,8
DA:710,4
DA:711,4
DA:712,4
LF:179
LH:36
end_of_record
SF:lib\models\Team\team.dart
DA:20,5
DA:21,6
DA:22,6
DA:24,3
DA:25,15
LF:5
LH:5
end_of_record
SF:lib\models\Team\team.g.dart
DA:9,6
DA:10,3
DA:12,6
DA:13,6
DA:15,6
DA:16,3
DA:17,3
DA:18,3
LF:8
LH:8
end_of_record
SF:lib\models\role_type.dart
DA:1,16
LF:1
LH:1
end_of_record
SF:lib\bloc\select_game_bloc\select_game_state.dart
DA:5,2
DA:6,1
DA:7,1
DA:12,0
DA:13,0
DA:14,0
DA:21,2
DA:22,2
DA:23,4
LF:9
LH:6
end_of_record
SF:lib\bloc\select_game_bloc\select_game_event.dart
DA:4,2
DA:5,0
DA:6,0
DA:13,2
DA:14,1
DA:15,2
LF:6
LH:4
end_of_record
SF:lib\bloc\select_game_bloc\select_game_bloc.dart
DA:17,1
DA:18,2
DA:19,2
DA:20,2
DA:24,1
DA:25,3
DA:26,2
DA:28,3
DA:33,1
DA:34,2
DA:35,2
DA:37,3
DA:41,0
DA:42,0
DA:43,0
DA:45,0
LF:16
LH:12
end_of_record
SF:lib\models\card_game.dart
DA:7,1
LF:1
LH:1
end_of_record
SF:lib\shared\widgets\tile_image_pre.dart
DA:18,0
DA:23,0
DA:25,0
DA:27,0
DA:29,0
DA:30,0
DA:31,0
DA:34,0
DA:35,0
DA:36,0
DA:37,0
DA:38,0
DA:39,0
DA:40,0
DA:41,0
DA:43,0
DA:48,0
DA:49,0
DA:51,0
DA:53,0
DA:55,0
DA:56,0
DA:57,0
DA:58,0
DA:62,0
DA:64,0
DA:65,0
LF:27
LH:0
end_of_record
SF:lib\constant.dart
DA:10,0
DA:11,0
DA:12,0
DA:13,0
DA:14,0
DA:15,0
DA:16,0
DA:17,0
DA:19,0
DA:20,0
DA:21,0
DA:22,0
DA:23,0
DA:26,0
DA:33,0
DA:34,0
DA:35,0
DA:39,0
DA:40,0
DA:44,0
DA:45,0
DA:49,0
DA:50,0
DA:54,0
DA:55,0
DA:61,0
DA:62,0
DA:67,0
DA:72,0
DA:77,0
DA:82,0
DA:87,0
DA:92,0
DA:97,0
DA:102,0
DA:107,0
DA:112,0
DA:117,0
DA:122,0
DA:127,0
DA:132,0
DA:137,0
DA:142,0
DA:147,0
DA:152,0
DA:157,0
DA:162,0
DA:167,0
DA:172,0
DA:177,0
DA:184,0
DA:185,0
DA:187,0
DA:189,0
DA:190,0
DA:191,0
DA:193,0
DA:195,0
DA:197,0
DA:198,0
DA:200,0
DA:202,0
DA:204,0
DA:205,0
DA:207,0
DA:209,0
LF:66
LH:0
end_of_record
SF:lib\bloc\sign_cup_bloc\sign_cup_state.dart
DA:8,0
DA:16,0
DA:21,0
DA:22,0
DA:23,0
DA:24,0
DA:27,0
DA:28,0
LF:8
LH:0
end_of_record
SF:lib\bloc\sign_cup_bloc\sign_cup_event.dart
DA:4,0
DA:5,0
DA:6,0
DA:9,0
DA:13,0
DA:14,0
DA:17,0
DA:21,0
DA:22,0
DA:25,0
LF:10
LH:0
end_of_record
SF:lib\bloc\sign_cup_bloc\sign_cup_bloc.dart
DA:18,0
DA:19,0
DA:20,0
DA:21,0
DA:23,0
DA:24,0
DA:25,0
DA:27,0
DA:31,0
DA:32,0
DA:33,0
DA:35,0
DA:39,0
DA:40,0
DA:41,0
DA:44,0
DA:46,0
LF:17
LH:0
end_of_record
SF:lib\models\Tournament\tournament_state.dart
DA:1,17
DA:4,0
DA:6,0
DA:8,0
DA:10,0
DA:12,0
DA:14,0
DA:16,0
LF:8
LH:1
end_of_record
SF:lib\services\firebase_handler.dart
DA:21,14
DA:24,0
DA:25,0
DA:26,0
DA:30,0
DA:32,0
DA:36,0
DA:38,0
DA:39,0
DA:42,0
DA:43,0
DA:48,0
DA:49,0
DA:50,0
DA:52,0
DA:53,0
DA:55,0
DA:72,0
DA:73,0
DA:74,0
DA:75,0
DA:92,0
DA:93,0
DA:94,0
DA:95,0
DA:101,0
DA:102,0
DA:103,0
DA:104,0
DA:105,0
DA:108,0
DA:109,0
DA:110,0
DA:114,0
DA:115,0
DA:116,0
DA:117,0
DA:118,0
DA:119,0
DA:121,0
DA:122,0
DA:123,0
DA:124,0
DA:126,0
DA:130,0
DA:131,0
DA:134,0
DA:139,0
DA:141,0
DA:142,0
DA:143,0
DA:146,0
DA:147,0
DA:154,0
DA:158,0
DA:166,0
DA:169,0
DA:170,0
DA:173,0
DA:175,0
DA:176,0
DA:177,0
DA:178,0
DA:179,0
DA:180,0
DA:183,0
DA:188,0
DA:189,0
DA:190,0
DA:191,0
DA:196,0
DA:198,0
DA:199,0
DA:201,0
DA:202,0
DA:203,0
DA:204,0
DA:212,0
DA:213,0
DA:214,0
DA:215,0
DA:223,0
DA:224,0
DA:225,0
DA:226,0
DA:227,0
DA:228,0
DA:229,0
DA:230,0
DA:231,0
DA:232,0
DA:237,0
DA:239,0
DA:241,0
DA:242,0
DA:243,0
DA:244,0
DA:245,0
DA:246,0
DA:247,0
DA:248,0
DA:249,0
DA:250,0
DA:255,0
DA:258,0
DA:259,0
DA:260,0
DA:261,0
DA:262,0
DA:263,0
DA:264,0
DA:265,0
DA:266,0
DA:267,0
DA:268,0
DA:274,0
DA:276,0
DA:277,0
DA:278,0
DA:285,0
DA:286,0
DA:287,0
DA:290,0
DA:293,0
DA:294,0
DA:295,0
DA:296,0
DA:303,0
DA:305,0
DA:306,0
LF:130
LH:1
end_of_record
SF:lib\cubit\team_firestore\team_firestore_state.dart
DA:6,0
DA:11,0
DA:13,0
DA:14,0
DA:20,0
DA:21,0
DA:22,0
DA:25,0
DA:27,0
DA:28,0
DA:34,0
DA:36,0
DA:37,0
DA:40,0
DA:42,0
DA:43,0
LF:16
LH:0
end_of_record
SF:lib\cubit\team_firestore\team_firestore_cubit.dart
DA:25,0
DA:27,0
DA:28,0
DA:29,0
DA:30,0
DA:32,0
DA:35,0
DA:38,0
DA:39,0
DA:41,0
DA:44,0
DA:46,0
DA:47,0
DA:49,0
DA:50,0
DA:51,0
DA:52,0
DA:55,0
DA:57,0
DA:58,0
DA:59,0
DA:60,0
DA:61,0
DA:63,0
DA:65,0
DA:66,0
DA:68,0
DA:69,0
DA:70,0
DA:71,0
DA:72,0
DA:73,0
DA:76,0
DA:78,0
DA:80,0
DA:82,0
DA:83,0
DA:85,0
DA:86,0
DA:91,0
DA:92,0
LF:41
LH:0
end_of_record
SF:lib\models\validator\gamerTag.dart
DA:3,14
DA:6,14
DA:7,0
DA:9,0
DA:11,0
LF:5
LH:2
end_of_record
SF:lib\models\validator\team_code.dart
DA:3,14
DA:6,14
DA:7,0
DA:9,0
DA:11,0
LF:5
LH:2
end_of_record
SF:lib\bloc\step_by_step_widget_bloc\step_by_step_widget_event.dart
DA:4,0
DA:5,0
DA:6,0
DA:13,0
DA:14,0
DA:15,0
LF:6
LH:0
end_of_record
SF:lib\bloc\step_by_step_widget_bloc\step_by_step_widget_state.dart
DA:5,0
DA:6,0
DA:7,0
DA:12,0
DA:13,0
DA:14,0
DA:17,0
DA:18,0
DA:19,0
LF:9
LH:0
end_of_record
SF:lib\bloc\step_by_step_widget_bloc\step_by_step_widget_bloc.dart
DA:12,0
DA:13,0
DA:14,0
DA:15,0
DA:16,0
DA:17,0
DA:20,0
DA:21,0
DA:22,0
DA:23,0
DA:27,0
DA:28,0
DA:29,0
DA:30,0
DA:34,0
DA:35,0
DA:36,0
LF:17
LH:0
end_of_record
SF:lib\bloc\widget_number_by_player_bloc\widget_number_by_player_state.dart
DA:5,0
DA:6,0
DA:7,0
DA:11,0
DA:14,0
LF:5
LH:0
end_of_record
SF:lib\bloc\widget_number_by_player_bloc\widget_number_by_player_event.dart
DA:4,0
DA:5,0
DA:6,0
DA:11,0
DA:12,0
DA:13,0
LF:6
LH:0
end_of_record
SF:lib\bloc\widget_number_by_player_bloc\widget_number_by_player_bloc.dart
DA:11,0
DA:12,0
DA:13,0
DA:16,0
DA:17,0
DA:18,0
DA:21,0
DA:22,0
DA:26,0
DA:27,0
DA:28,0
DA:30,0
LF:12
LH:0
end_of_record
SF:lib\models\TournamentType\tournament_type.dart
DA:11,17
DA:12,6
DA:13,8
DA:21,3
DA:22,9
LF:5
LH:5
end_of_record
SF:lib\models\TournamentType\tournament_type.g.dart
DA:9,3
DA:10,3
DA:11,3
DA:12,3
DA:15,4
DA:16,4
DA:17,4
DA:18,4
LF:8
LH:8
end_of_record
SF:lib\models\server_type.dart
DA:1,17
LF:1
LH:1
end_of_record
SF:lib\shared\widgets\widget_num_player_by_team.dart
DA:13,0
DA:19,0
DA:21,0
DA:23,0
DA:24,0
DA:25,0
DA:28,0
DA:30,0
DA:31,0
DA:32,0
DA:35,0
DA:37,0
DA:38,0
DA:40,0
DA:42,0
DA:46,0
DA:47,0
DA:48,0
DA:49,0
LF:19
LH:0
end_of_record
SF:lib\cubit\generate_code_cubit\generate_code_state.dart
DA:4,0
DA:5,0
DA:6,0
LF:3
LH:0
end_of_record
SF:lib\cubit\generate_code_cubit\generate_code_cubit.dart
DA:10,0
DA:14,0
DA:16,0
DA:17,0
DA:21,0
DA:22,0
DA:23,0
DA:24,0
DA:25,0
DA:26,0
DA:27,0
DA:28,0
DA:29,0
DA:33,0
DA:35,0
LF:15
LH:0
end_of_record
SF:lib\cubit\google_authentication\google_authentication_cubit.dart
DA:12,0
DA:13,0
DA:15,0
DA:16,0
DA:18,0
DA:19,0
DA:20,0
DA:21,0
DA:22,0
DA:23,0
DA:25,0
LF:11
LH:0
end_of_record
SF:lib\cubit\google_authentication\google_authentication_state.dart
DA:4,0
DA:8,0
DA:9,0
DA:12,0
DA:13,0
DA:16,0
DA:17,0
DA:21,0
DA:22,0
DA:23,0
LF:10
LH:0
end_of_record
SF:lib\cubit\header_sign_cup_state.dart
DA:4,0
DA:8,0
DA:9,0
DA:13,0
DA:14,0
DA:15,0
LF:6
LH:0
end_of_record
SF:lib\cubit\header_sign_cup_cubit.dart
DA:10,0
DA:12,0
DA:13,0
DA:14,0
LF:4
LH:0
end_of_record
SF:lib\cubit\list_cash_prizes_cubit.dart
DA:8,0
DA:10,0
DA:11,0
DA:12,0
DA:13,0
DA:15,0
DA:17,0
DA:18,0
DA:19,0
DA:20,0
DA:22,0
DA:23,0
DA:24,0
DA:25,0
DA:27,0
LF:15
LH:0
end_of_record
SF:lib\cubit\list_cash_prizes_state.dart
DA:6,0
DA:8,0
DA:9,0
DA:13,0
DA:17,0
DA:20,0
DA:23,0
DA:26,0
LF:8
LH:0
end_of_record
SF:lib\cubit\member_bloc\member_state.dart
DA:4,0
DA:9,0
DA:10,0
DA:11,0
LF:4
LH:0
end_of_record
SF:lib\cubit\member_bloc\member_cubit.dart
DA:13,0
DA:14,0
LF:2
LH:0
end_of_record
SF:lib\services\authentification.dart
DA:8,0
DA:11,0
DA:12,0
DA:14,0
DA:16,0
DA:18,0
DA:19,0
DA:25,0
DA:26,0
DA:27,0
DA:28,0
DA:29,0
DA:32,0
DA:38,0
DA:40,0
DA:44,0
DA:47,0
DA:48,0
DA:49,0
DA:54,0
DA:56,0
DA:57,0
DA:67,0
DA:68,0
DA:69,0
DA:75,0
DA:77,0
DA:81,0
DA:85,0
DA:86,0
DA:92,0
DA:93,0
DA:94,0
DA:95,0
DA:96,0
DA:97,0
DA:98,0
DA:101,0
LF:38
LH:0
end_of_record
SF:lib\cubit\round_stat_cubit.dart
DA:8,0
DA:10,0
DA:11,0
DA:12,0
DA:14,0
DA:17,0
DA:18,0
DA:19,0
DA:21,0
DA:24,0
LF:10
LH:0
end_of_record
SF:lib\cubit\round_stat_state.dart
DA:6,0
DA:7,0
DA:8,0
DA:12,0
DA:15,0
LF:5
LH:0
end_of_record
SF:lib\cubit\row_member_leader\row_member_leader_state.dart
DA:5,0
DA:6,0
DA:7,0
DA:11,0
LF:4
LH:0
end_of_record
SF:lib\cubit\row_member_leader\row_member_leader_cubit.dart
DA:8,0
DA:10,0
DA:11,0
LF:3
LH:0
end_of_record
SF:lib\cubit\selected_image_predef_cubit\selected_image_predef_state.dart
DA:4,0
DA:10,0
DA:11,0
DA:12,0
DA:17,0
DA:18,0
LF:6
LH:0
end_of_record
SF:lib\cubit\selected_image_predef_cubit\selected_image_predef_cubit.dart
DA:9,0
DA:11,0
DA:12,0
DA:15,0
DA:17,0
DA:20,0
DA:21,0
DA:22,0
DA:24,0
LF:9
LH:0
end_of_record
SF:lib\cubit\take_image_gallery\take_image_gallery_state.dart
DA:5,0
DA:6,0
DA:7,0
DA:11,0
DA:15,0
DA:19,0
DA:22,0
DA:23,0
DA:24,0
LF:9
LH:0
end_of_record
SF:lib\cubit\take_image_gallery\take_image_gallery_cubit.dart
DA:10,0
DA:12,0
DA:13,0
DA:14,0
DA:16,0
DA:18,0
DA:23,0
DA:25,0
DA:27,0
DA:28,0
DA:29,0
DA:30,0
DA:32,0
LF:13
LH:0
end_of_record
SF:lib\services\email_broker.dart
DA:5,0
DA:6,0
DA:7,0
DA:9,0
DA:12,0
DA:18,0
DA:22,0
DA:25,0
DA:26,0
DA:27,0
DA:30,0
DA:31,0
DA:32,0
DA:36,0
DA:38,0
DA:39,0
DA:40,0
DA:41,0
DA:42,0
DA:43,0
LF:20
LH:0
end_of_record
SF:lib\services\email_message.dart
DA:10,0
DA:12,0
DA:15,0
DA:16,0
DA:17,0
DA:24,0
DA:27,0
DA:28,0
DA:29,0
LF:9
LH:0
end_of_record
SF:lib\models\MemberTournament\member_tournament.dart
DA:21,4
DA:22,6
DA:23,6
DA:25,3
DA:27,15
LF:5
LH:5
end_of_record
SF:lib\models\MemberTournament\member_tournament.g.dart
DA:9,3
DA:10,3
DA:11,3
DA:12,6
DA:13,6
DA:16,3
DA:17,3
DA:18,3
DA:19,6
DA:20,6
LF:10
LH:10
end_of_record
SF:lib\models\GameMap\game_map.g.dart
DA:13,14
DA:29,0
DA:33,0
DA:36,0
DA:40,0
DA:53,0
DA:54,0
DA:56,0
DA:57,0
DA:64,0
DA:66,0
DA:68,0
DA:70,0
DA:72,0
DA:74,0
DA:76,0
DA:77,0
DA:81,0
DA:83,0
DA:86,0
DA:88,0
DA:89,0
DA:90,0
DA:93,0
DA:94,0
DA:105,0
DA:106,0
DA:129,0
DA:135,0
DA:136,0
DA:139,0
DA:141,0
DA:142,0
DA:144,0
DA:149,0
DA:151,0
DA:152,0
DA:154,0
DA:159,0
DA:161,0
DA:164,0
DA:168,0
DA:169,0
DA:170,0
DA:173,0
DA:176,0
DA:177,0
DA:180,0
DA:182,0
DA:183,0
DA:184,0
DA:185,0
DA:188,0
DA:189,0
DA:193,0
DA:201,0
DA:203,0
DA:204,0
DA:269,0
DA:279,0
DA:282,0
DA:283,0
DA:284,0
DA:286,0
DA:287,0
DA:288,0
DA:289,0
DA:290,0
DA:291,0
DA:293,0
DA:295,0
DA:302,0
DA:304,0
DA:307,0
DA:309,0
DA:312,0
DA:314,0
DA:315,0
DA:316,0
DA:320,0
DA:322,0
DA:323,0
DA:324,0
DA:328,0
DA:339,0
DA:340,0
DA:352,0
DA:356,0
DA:367,0
DA:368,0
DA:380,0
DA:384,0
DA:395,0
DA:398,0
DA:401,0
DA:404,0
DA:407,0
DA:410,0
DA:411,0
DA:413,0
DA:414,0
DA:416,0
DA:417,0
DA:419,0
DA:420,0
DA:423,0
DA:426,0
DA:437,0
DA:440,0
DA:443,0
DA:446,0
DA:449,0
DA:452,0
DA:453,0
DA:455,0
DA:456,0
DA:458,0
DA:459,0
DA:461,0
DA:462,0
DA:465,0
DA:468,0
DA:470,0
DA:471,0
DA:472,0
DA:475,0
DA:476,0
DA:481,0
DA:498,0
DA:503,0
DA:505,0
DA:516,0
DA:517,0
DA:518,0
DA:519,0
DA:521,0
DA:522,0
DA:523,0
DA:524,0
LF:139
LH:1
end_of_record
SF:lib\models\GameMap\game_map.dart
DA:14,0
DA:15,0
DA:16,0
DA:19,0
LF:4
LH:0
end_of_record
SF:lib\models\RoundClassementMember\round_classement_member.g.dart
DA:13,14
DA:29,0
DA:33,0
DA:36,0
DA:40,0
DA:55,0
DA:57,0
DA:59,0
DA:60,0
DA:68,0
DA:70,0
DA:72,0
DA:74,0
DA:76,0
DA:78,0
DA:80,0
DA:81,0
DA:85,0
DA:88,0
DA:89,0
DA:90,0
DA:93,0
DA:95,0
DA:96,0
DA:97,0
DA:100,0
DA:101,0
DA:113,0
DA:114,0
DA:138,0
DA:144,0
DA:145,0
DA:148,0
DA:150,0
DA:151,0
DA:153,0
DA:158,0
DA:160,0
DA:161,0
DA:163,0
DA:168,0
DA:170,0
DA:173,0
DA:178,0
DA:179,0
DA:180,0
DA:181,0
DA:184,0
DA:187,0
DA:188,0
DA:191,0
DA:193,0
DA:194,0
DA:195,0
DA:196,0
DA:199,0
DA:200,0
DA:204,0
DA:212,0
DA:214,0
DA:215,0
DA:305,0
DA:315,0
DA:318,0
DA:319,0
DA:320,0
DA:322,0
DA:323,0
DA:324,0
DA:325,0
DA:326,0
DA:327,0
DA:328,0
DA:330,0
DA:332,0
DA:339,0
DA:342,0
DA:345,0
DA:347,0
DA:350,0
DA:352,0
DA:353,0
DA:354,0
DA:358,0
DA:360,0
DA:361,0
DA:362,0
DA:366,0
DA:377,0
DA:378,0
DA:390,0
DA:394,0
DA:405,0
DA:406,0
DA:418,0
DA:422,0
DA:433,0
DA:434,0
DA:446,0
DA:450,0
DA:461,0
DA:464,0
DA:467,0
DA:470,0
DA:473,0
DA:476,0
DA:477,0
DA:479,0
DA:480,0
DA:482,0
DA:483,0
DA:485,0
DA:486,0
DA:489,0
DA:492,0
DA:503,0
DA:506,0
DA:509,0
DA:512,0
DA:515,0
DA:518,0
DA:519,0
DA:521,0
DA:522,0
DA:524,0
DA:525,0
DA:527,0
DA:528,0
DA:531,0
DA:534,0
DA:545,0
DA:548,0
DA:551,0
DA:554,0
DA:557,0
DA:560,0
DA:561,0
DA:563,0
DA:564,0
DA:566,0
DA:567,0
DA:569,0
DA:570,0
DA:573,0
DA:576,0
DA:578,0
DA:579,0
DA:580,0
DA:583,0
DA:584,0
DA:589,0
DA:608,0
DA:613,0
DA:615,0
DA:626,0
DA:628,0
DA:629,0
DA:630,0
DA:631,0
DA:632,0
DA:633,0
DA:634,0
DA:636,0
DA:638,0
DA:639,0
DA:640,0
DA:641,0
DA:642,0
DA:643,0
LF:169
LH:1
end_of_record
SF:lib\models\RoundClassementMember\round_classement_member.dart
DA:17,0
DA:18,0
DA:19,0
DA:22,0
LF:4
LH:0
end_of_record
SF:lib\models\RangPointTournament\rang_point_tournament.g.dart
DA:13,14
DA:29,0
DA:33,0
DA:36,0
DA:40,0
DA:54,0
DA:56,0
DA:58,0
DA:59,0
DA:66,0
DA:68,0
DA:70,0
DA:72,0
DA:74,0
DA:76,0
DA:78,0
DA:79,0
DA:83,0
DA:85,0
DA:86,0
DA:87,0
DA:90,0
DA:92,0
DA:93,0
DA:94,0
DA:97,0
DA:98,0
DA:110,0
DA:111,0
DA:134,0
DA:140,0
DA:141,0
DA:144,0
DA:146,0
DA:147,0
DA:149,0
DA:154,0
DA:156,0
DA:157,0
DA:159,0
DA:164,0
DA:166,0
DA:169,0
DA:173,0
DA:174,0
DA:175,0
DA:178,0
DA:181,0
DA:182,0
DA:185,0
DA:187,0
DA:188,0
DA:189,0
DA:190,0
DA:193,0
DA:194,0
DA:198,0
DA:206,0
DA:208,0
DA:209,0
DA:276,0
DA:286,0
DA:289,0
DA:290,0
DA:291,0
DA:293,0
DA:294,0
DA:295,0
DA:296,0
DA:297,0
DA:298,0
DA:299,0
DA:301,0
DA:303,0
DA:310,0
DA:313,0
DA:316,0
DA:318,0
DA:321,0
DA:323,0
DA:324,0
DA:325,0
DA:329,0
DA:331,0
DA:332,0
DA:333,0
DA:337,0
DA:348,0
DA:349,0
DA:361,0
DA:365,0
DA:376,0
DA:377,0
DA:389,0
DA:393,0
DA:404,0
DA:407,0
DA:410,0
DA:413,0
DA:416,0
DA:419,0
DA:420,0
DA:422,0
DA:423,0
DA:425,0
DA:426,0
DA:428,0
DA:429,0
DA:432,0
DA:435,0
DA:446,0
DA:449,0
DA:452,0
DA:455,0
DA:458,0
DA:461,0
DA:462,0
DA:464,0
DA:465,0
DA:467,0
DA:468,0
DA:470,0
DA:471,0
DA:474,0
DA:477,0
DA:479,0
DA:480,0
DA:481,0
DA:484,0
DA:485,0
DA:490,0
DA:509,0
DA:514,0
DA:516,0
DA:527,0
DA:528,0
DA:529,0
DA:530,0
DA:532,0
DA:535,0
DA:537,0
DA:538,0
DA:539,0
DA:540,0
LF:144
LH:1
end_of_record
SF:lib\models\RangPointTournament\rang_point_tournament.dart
DA:13,0
DA:14,0
DA:18,0
LF:3
LH:0
end_of_record
SF:lib\models\Round\round.g.dart
DA:13,14
DA:27,0
DA:31,0
DA:34,0
DA:38,0
DA:51,0
DA:52,0
DA:54,0
DA:55,0
DA:62,0
DA:64,0
DA:66,0
DA:68,0
DA:70,0
DA:72,0
DA:74,0
DA:75,0
DA:79,0
DA:81,0
DA:84,0
DA:86,0
DA:87,0
DA:88,0
DA:91,0
DA:92,0
DA:103,0
DA:104,0
DA:131,0
DA:137,0
DA:138,0
DA:146,0
DA:148,0
DA:149,0
DA:151,0
DA:156,0
DA:158,0
DA:159,0
DA:161,0
DA:166,0
DA:168,0
DA:171,0
DA:174,0
DA:175,0
DA:178,0
DA:181,0
DA:182,0
DA:185,0
DA:187,0
DA:188,0
DA:189,0
DA:190,0
DA:193,0
DA:194,0
DA:198,0
DA:206,0
DA:208,0
DA:209,0
DA:251,0
DA:261,0
DA:264,0
DA:265,0
DA:266,0
DA:268,0
DA:269,0
DA:270,0
DA:271,0
DA:272,0
DA:273,0
DA:275,0
DA:277,0
DA:284,0
DA:286,0
DA:289,0
DA:291,0
DA:294,0
DA:296,0
DA:297,0
DA:298,0
DA:302,0
DA:304,0
DA:305,0
DA:306,0
DA:310,0
DA:321,0
DA:322,0
DA:334,0
DA:338,0
DA:349,0
DA:352,0
DA:355,0
DA:358,0
DA:361,0
DA:364,0
DA:365,0
DA:367,0
DA:368,0
DA:370,0
DA:371,0
DA:373,0
DA:374,0
DA:377,0
DA:380,0
DA:382,0
DA:383,0
DA:384,0
DA:387,0
DA:388,0
DA:393,0
DA:410,0
DA:415,0
DA:417,0
DA:435,0
DA:439,0
DA:442,0
DA:446,0
DA:464,0
DA:467,0
DA:468,0
DA:469,0
DA:477,0
DA:480,0
DA:485,0
DA:487,0
DA:489,0
DA:491,0
DA:493,0
DA:494,0
DA:498,0
DA:501,0
DA:502,0
DA:503,0
DA:506,0
DA:508,0
DA:509,0
DA:510,0
DA:513,0
DA:514,0
DA:526,0
DA:527,0
DA:528,0
DA:556,0
DA:562,0
DA:563,0
DA:564,0
DA:571,0
DA:573,0
DA:574,0
DA:576,0
DA:581,0
DA:583,0
DA:584,0
DA:586,0
DA:591,0
DA:593,0
DA:596,0
DA:601,0
DA:602,0
DA:603,0
DA:604,0
DA:607,0
DA:610,0
DA:611,0
DA:614,0
DA:616,0
DA:617,0
DA:618,0
DA:619,0
DA:622,0
DA:623,0
DA:627,0
DA:635,0
DA:637,0
DA:638,0
DA:728,0
DA:738,0
DA:741,0
DA:742,0
DA:743,0
DA:745,0
DA:746,0
DA:747,0
DA:748,0
DA:749,0
DA:750,0
DA:751,0
DA:753,0
DA:755,0
DA:762,0
DA:765,0
DA:768,0
DA:770,0
DA:773,0
DA:775,0
DA:776,0
DA:777,0
DA:781,0
DA:783,0
DA:784,0
DA:785,0
DA:789,0
DA:800,0
DA:801,0
DA:813,0
DA:817,0
DA:828,0
DA:829,0
DA:841,0
DA:845,0
DA:856,0
DA:857,0
DA:869,0
DA:873,0
DA:884,0
DA:887,0
DA:890,0
DA:893,0
DA:896,0
DA:899,0
DA:900,0
DA:902,0
DA:903,0
DA:905,0
DA:906,0
DA:908,0
DA:909,0
DA:912,0
DA:915,0
DA:926,0
DA:929,0
DA:932,0
DA:935,0
DA:938,0
DA:941,0
DA:942,0
DA:944,0
DA:945,0
DA:947,0
DA:948,0
DA:950,0
DA:951,0
DA:954,0
DA:957,0
DA:968,0
DA:971,0
DA:974,0
DA:977,0
DA:980,0
DA:983,0
DA:984,0
DA:986,0
DA:987,0
DA:989,0
DA:990,0
DA:992,0
DA:993,0
DA:996,0
DA:999,0
DA:1001,0
DA:1002,0
DA:1003,0
DA:1006,0
DA:1007,0
DA:1012,0
DA:1031,0
DA:1036,0
DA:1038,0
DA:1049,0
DA:1050,0
DA:1052,0
DA:1054,0
DA:1056,0
DA:1059,0
DA:1060,0
DA:1061,0
DA:1062,0
LF:275
LH:1
end_of_record
SF:lib\models\Round\round.dart
DA:18,0
DA:19,0
DA:20,0
DA:25,0
LF:4
LH:0
end_of_record
SF:lib\models\round_state.dart
DA:1,14
LF:1
LH:1
end_of_record
SF:lib\models\make_it_responsive.dart
DA:7,0
DA:8,0
DA:9,0
DA:12,0
DA:20,14
LF:5
LH:1
end_of_record
SF:lib\pages\cup_details\bloc\sign_tournament_form_bloc.dart
DA:25,0
DA:26,0
DA:27,0
DA:28,0
DA:29,0
DA:30,0
DA:35,0
DA:36,0
DA:37,0
DA:38,0
DA:39,0
DA:40,0
LF:12
LH:0
end_of_record
SF:lib\pages\cup_details\cubit\cup_detail_state.dart
DA:4,1
DA:8,0
DA:9,0
DA:14,1
DA:15,1
DA:16,2
DA:20,1
DA:21,1
DA:22,2
DA:26,0
DA:27,0
DA:28,0
DA:31,1
DA:32,1
DA:33,1
DA:37,1
DA:38,1
DA:39,2
DA:43,1
DA:44,1
DA:45,2
LF:21
LH:16
end_of_record
SF:lib\pages\cup_details\cubit\cup_detail_cubit.dart
DA:20,14
DA:33,3
DA:34,1
DA:37,1
DA:39,4
DA:40,1
DA:41,3
DA:43,8
DA:45,0
DA:46,0
DA:49,4
DA:50,1
DA:51,3
DA:53,6
DA:54,1
DA:55,2
DA:56,3
DA:57,5
DA:61,0
DA:62,0
DA:64,1
DA:65,3
DA:66,1
DA:74,1
DA:75,4
DA:77,1
DA:79,4
DA:80,1
DA:81,2
DA:82,4
DA:83,4
DA:84,3
DA:85,2
DA:87,2
DA:91,1
DA:92,3
DA:93,1
DA:94,5
DA:95,3
DA:96,2
DA:98,2
DA:102,2
DA:106,1
DA:108,4
DA:110,2
DA:112,2
DA:114,1
DA:115,2
DA:116,2
DA:117,2
DA:118,2
LF:51
LH:47
end_of_record
SF:lib\pages\list_cup\cubit\list_cup_state.dart
DA:4,1
DA:8,1
DA:9,1
DA:12,1
DA:13,1
DA:16,1
DA:17,1
DA:21,1
DA:22,1
DA:23,2
LF:10
LH:10
end_of_record
SF:lib\pages\list_cup\cubit\list_cup_cubit.dart
DA:18,1
DA:19,2
DA:20,5
DA:21,0
DA:22,0
DA:23,0
DA:25,0
DA:26,0
DA:30,1
DA:31,3
DA:32,2
DA:33,2
DA:34,2
DA:35,3
DA:36,1
DA:40,2
DA:41,1
DA:42,2
DA:43,0
DA:45,3
DA:49,2
DA:50,2
DA:55,1
DA:57,2
DA:58,1
LF:25
LH:19
end_of_record
SF:lib\services\field_bloc_validators_errors_fr.dart
DA:4,0
DA:19,1
DA:20,3
DA:22,3
DA:23,6
DA:24,6
DA:29,2
DA:31,2
DA:33,2
DA:34,2
DA:42,0
DA:43,0
DA:44,0
DA:48,1
DA:49,2
DA:55,1
DA:56,4
DA:61,2
DA:63,2
DA:64,6
DA:72,1
DA:73,3
DA:79,1
DA:82,0
DA:83,0
DA:87,1
DA:89,1
DA:90,2
LF:28
LH:22
end_of_record
SF:lib\repository\member_repository.dart
DA:6,2
DA:8,1
DA:9,4
DA:11,2
DA:12,12
DA:14,1
DA:15,4
LF:7
LH:7
end_of_record
SF:lib\repository\member_tounament_repository.dart
DA:15,2
DA:16,2
DA:18,2
DA:19,2
DA:20,6
DA:21,6
DA:22,4
DA:23,2
DA:24,4
DA:26,2
DA:28,6
DA:29,2
DA:32,1
DA:33,4
DA:36,2
DA:37,8
DA:39,2
DA:40,4
DA:41,6
DA:48,0
DA:49,2
DA:50,6
DA:52,1
DA:53,1
LF:24
LH:23
end_of_record
SF:lib\repository\team_repository.dart
DA:17,2
DA:18,2
DA:21,2
DA:22,2
DA:23,6
DA:24,16
DA:25,4
DA:26,2
DA:27,4
DA:30,2
DA:32,6
DA:33,4
DA:34,4
DA:37,2
DA:41,2
DA:42,8
DA:43,2
DA:44,6
DA:45,3
DA:46,2
DA:47,2
DA:49,2
DA:51,2
DA:52,12
DA:53,12
DA:56,2
DA:57,8
DA:58,4
DA:60,1
DA:61,2
DA:62,1
DA:64,4
DA:65,1
DA:67,1
DA:68,2
DA:70,2
DA:71,10
DA:72,2
DA:80,1
DA:81,4
DA:83,2
DA:84,10
DA:85,2
DA:86,12
DA:92,1
DA:94,1
DA:95,7
DA:98,2
DA:99,6
DA:102,1
DA:103,1
DA:106,1
DA:107,7
DA:114,1
DA:115,1
DA:116,5
LF:56
LH:56
end_of_record
SF:lib\repository\tournament_repository.dart
DA:14,2
DA:16,1
DA:17,2
DA:20,1
DA:21,1
DA:22,1
DA:23,1
DA:24,1
DA:25,1
DA:27,1
DA:28,3
DA:29,2
DA:30,1
DA:31,2
DA:34,1
DA:36,0
DA:37,0
DA:38,0
DA:39,0
DA:40,0
DA:44,1
DA:45,1
DA:46,1
DA:48,1
DA:49,1
DA:50,2
DA:51,2
DA:52,1
DA:55,4
DA:56,2
DA:57,1
DA:61,2
DA:62,10
DA:64,1
DA:65,1
DA:66,4
DA:68,1
DA:69,2
DA:71,1
DA:72,4
DA:74,1
DA:75,3
DA:77,1
DA:78,1
DA:80,1
DA:84,2
DA:87,1
DA:91,1
DA:94,1
DA:98,2
DA:101,1
DA:105,2
DA:108,1
DA:112,2
LF:54
LH:49
end_of_record
SF:lib\pages\cup_details\cubit\show_stat_state.dart
DA:4,1
DA:8,1
DA:10,0
DA:11,0
DA:15,1
DA:16,1
DA:17,2
DA:21,1
DA:22,0
DA:23,0
DA:27,0
DA:28,0
DA:29,0
DA:33,1
DA:34,1
DA:35,2
DA:40,1
DA:41,1
DA:42,2
DA:46,1
DA:47,1
DA:48,2
DA:52,1
DA:53,1
DA:54,2
LF:25
LH:18
end_of_record
SF:lib\pages\cup_details\cubit\show_stat_cubit.dart
DA:19,3
DA:20,4
DA:21,3
DA:22,3
DA:25,4
DA:27,0
DA:30,2
DA:36,1
DA:37,1
DA:38,1
DA:39,2
DA:42,1
DA:43,1
DA:44,3
DA:46,1
DA:48,2
DA:49,1
DA:51,1
DA:54,3
DA:55,1
DA:56,1
DA:57,3
DA:59,2
DA:64,1
DA:65,2
DA:66,4
DA:67,2
DA:68,1
DA:69,3
LF:29
LH:28
end_of_record
SF:lib\pages\cup_details\widgets\sign_tournament_form.dart
DA:18,14
DA:20,0
DA:22,0
DA:24,0
DA:26,0
DA:27,0
DA:28,0
DA:30,0
DA:32,0
DA:33,0
DA:36,0
DA:37,0
DA:43,0
DA:44,0
DA:45,0
DA:46,0
DA:47,0
DA:48,0
DA:50,0
DA:54,0
DA:55,0
DA:58,0
DA:59,0
DA:64,0
DA:71,0
DA:73,0
DA:74,0
DA:75,0
DA:76,0
DA:79,0
DA:80,0
DA:82,0
DA:83,0
DA:86,0
DA:90,0
DA:95,0
DA:99,0
DA:103,0
DA:108,0
DA:112,0
DA:117,0
DA:118,0
DA:119,0
DA:122,0
DA:127,0
DA:128,0
DA:129,0
DA:131,0
DA:138,0
DA:139,0
LF:50
LH:1
end_of_record
SF:lib\pages\cup_details\widgets\row_information_tournament.dart
DA:6,0
DA:10,0
DA:15,0
DA:17,0
DA:21,0
DA:23,0
DA:24,0
DA:25,0
DA:28,0
DA:29,0
DA:30,0
LF:11
LH:0
end_of_record
SF:lib\pages\cup_details\widgets\row_team_stat.dart
DA:13,0
DA:17,0
DA:22,0
DA:24,0
DA:25,0
DA:26,0
DA:27,0
DA:29,0
DA:30,0
DA:32,0
DA:34,0
DA:35,0
DA:37,0
DA:38,0
DA:40,0
DA:41,0
DA:44,0
DA:45,0
DA:50,0
DA:51,0
DA:56,0
DA:58,0
DA:59,0
DA:60,0
DA:67,0
DA:69,0
DA:72,0
DA:73,0
DA:78,0
DA:80,0
DA:83,0
DA:84,0
DA:89,0
DA:91,0
DA:94,0
DA:95,0
LF:36
LH:0
end_of_record
SF:lib\pages\cup_details\widgets\colum_table.dart
DA:5,14
DA:7,0
DA:9,0
DA:11,0
DA:13,0
DA:14,0
DA:16,0
DA:22,0
DA:24,0
DA:30,0
DA:32,0
DA:38,0
DA:40,0
LF:13
LH:1
end_of_record
SF:lib\pages\cup_details\view\cup_detail_view.dart
DA:42,0
DA:51,0
DA:53,0
DA:54,0
DA:56,0
DA:57,0
DA:58,0
DA:59,0
DA:62,0
DA:63,0
DA:64,0
DA:65,0
DA:66,0
DA:69,0
DA:70,0
DA:71,0
DA:74,0
DA:75,0
DA:78,0
DA:79,0
DA:81,0
DA:82,0
DA:84,0
DA:85,0
DA:86,0
DA:87,0
DA:88,0
DA:89,0
DA:90,0
DA:91,0
DA:93,0
DA:95,0
DA:98,0
DA:99,0
DA:100,0
DA:101,0
DA:102,0
DA:104,0
DA:105,0
DA:106,0
DA:107,0
DA:113,0
DA:114,0
DA:115,0
DA:116,0
DA:118,0
DA:119,0
DA:120,0
DA:121,0
DA:122,0
DA:123,0
DA:124,0
DA:125,0
DA:127,0
DA:130,0
DA:154,0
DA:156,0
DA:157,0
DA:169,0
DA:170,0
DA:172,0
DA:173,0
DA:175,0
DA:177,0
DA:178,0
DA:179,0
DA:181,0
DA:183,0
DA:186,0
DA:187,0
DA:188,0
DA:189,0
DA:190,0
DA:191,0
DA:193,0
DA:194,0
DA:195,0
DA:197,0
DA:199,0
DA:200,0
DA:201,0
DA:204,0
DA:205,0
DA:212,0
DA:213,0
DA:214,0
DA:215,0
DA:216,0
DA:217,0
DA:218,0
DA:219,0
DA:221,0
DA:224,0
DA:226,0
DA:227,0
DA:232,0
DA:233,0
DA:235,0
DA:236,0
DA:237,0
DA:238,0
DA:239,0
DA:240,0
DA:242,0
DA:243,0
DA:244,0
DA:246,0
DA:247,0
DA:248,0
DA:253,0
DA:254,0
DA:255,0
DA:256,0
DA:257,0
DA:264,0
DA:266,0
DA:267,0
DA:269,0
DA:270,0
DA:271,0
DA:272,0
DA:280,0
DA:301,0
DA:304,0
DA:308,0
DA:311,0
DA:313,0
DA:314,0
DA:315,0
DA:316,0
DA:317,0
DA:319,0
DA:320,0
DA:321,0
DA:322,0
DA:323,0
DA:325,0
DA:326,0
DA:327,0
DA:330,0
DA:344,0
DA:348,0
DA:353,0
DA:355,0
DA:356,0
DA:357,0
DA:358,0
DA:359,0
DA:360,0
DA:361,0
DA:363,0
DA:364,0
DA:367,0
DA:368,0
DA:369,0
DA:371,0
DA:372,0
DA:373,0
DA:374,0
DA:377,0
DA:379,0
DA:391,0
DA:393,0
DA:394,0
DA:399,0
DA:401,0
DA:407,0
DA:409,0
DA:415,0
DA:417,0
LF:170
LH:0
end_of_record
SF:lib\pages\cup_details\widgets\container_header.dart
DA:12,0
DA:14,0
DA:16,0
DA:18,0
DA:19,0
DA:20,0
DA:21,0
DA:22,0
DA:23,0
DA:24,0
DA:25,0
DA:26,0
DA:27,0
DA:28,0
DA:29,0
DA:30,0
DA:31,0
DA:32,0
DA:33,0
DA:34,0
DA:35,0
DA:44,0
DA:45,0
DA:46,0
DA:48,0
DA:52,0
DA:54,0
DA:55,0
DA:56,0
DA:58,0
DA:59,0
DA:60,0
DA:61,0
DA:66,0
DA:67,0
DA:70,0
DA:71,0
DA:72,0
DA:74,0
DA:76,0
DA:80,0
DA:82,0
DA:83,0
DA:86,0
DA:88,0
DA:89,0
DA:91,0
DA:92,0
DA:98,0
DA:100,0
DA:102,0
DA:106,0
DA:107,0
DA:112,0
DA:113,0
DA:124,0
LF:56
LH:0
end_of_record
SF:lib\pages\cup_details\widgets\text_field_gamer_tag.dart
DA:7,0
DA:10,0
DA:14,0
DA:16,0
DA:17,0
DA:18,0
DA:19,0
DA:21,0
DA:23,0
DA:25,0
DA:26,0
DA:27,0
DA:31,0
DA:33,0
DA:45,0
DA:46,0
LF:16
LH:0
end_of_record
SF:lib\services\utils.dart
DA:14,0
DA:16,0
DA:17,0
DA:21,0
DA:22,0
DA:25,0
DA:34,0
DA:35,0
DA:36,0
DA:38,0
DA:39,0
DA:40,0
LF:12
LH:0
end_of_record
SF:lib\shared\widgets\custom_app_bar.dart
DA:8,0
DA:12,0
DA:14,0
DA:16,0
DA:17,0
DA:19,0
DA:26,0
DA:27,0
DA:28,0
DA:29,0
DA:34,0
DA:35,0
DA:36,0
DA:39,0
DA:40,0
DA:41,0
DA:42,0
DA:43,0
DA:48,0
DA:49,0
DA:54,0
DA:55,0
DA:56,0
DA:57,0
DA:58,0
DA:59,0
DA:71,0
LF:27
LH:0
end_of_record
SF:lib\shared\widgets\custom_button_theme.dart
DA:11,0
DA:19,0
DA:21,0
DA:23,0
DA:24,0
DA:25,0
DA:26,0
DA:27,0
DA:28,0
DA:29,0
DA:30,0
DA:31,0
DA:32,0
DA:33,0
DA:38,0
DA:39,0
DA:40,0
LF:17
LH:0
end_of_record
SF:lib\shared\widgets\custom_drawer.dart
DA:14,0
DA:17,0
DA:21,0
DA:24,0
DA:25,0
DA:26,0
DA:27,0
DA:28,0
DA:30,0
DA:31,0
DA:32,0
DA:34,0
DA:35,0
DA:56,0
DA:58,0
DA:60,0
DA:61,0
DA:63,0
DA:64,0
DA:65,0
DA:66,0
DA:88,14
DA:90,0
DA:92,0
DA:94,0
DA:95,0
DA:96,0
DA:97,0
DA:98,0
DA:99,0
DA:100,0
DA:103,0
DA:107,0
DA:114,14
DA:116,0
DA:118,0
DA:120,0
DA:121,0
DA:124,0
DA:130,14
DA:132,0
DA:135,0
DA:137,0
DA:138,0
DA:139,0
DA:142,0
DA:149,14
DA:151,0
DA:153,0
DA:155,0
DA:156,0
DA:157,0
DA:158,0
DA:159,0
DA:160,0
DA:162,0
DA:163,0
DA:165,0
DA:167,0
DA:169,0
DA:170,0
DA:176,0
LF:62
LH:4
end_of_record
SF:lib\shared\widgets\custom_text_field.dart
DA:23,0
DA:40,0
DA:42,0
DA:44,0
DA:45,0
DA:46,0
DA:47,0
DA:48,0
DA:49,0
DA:50,0
DA:51,0
DA:52,0
DA:53,0
DA:55,0
DA:56,0
DA:57,0
DA:58,0
DA:62,0
DA:63,0
DA:64,0
DA:67,0
DA:68,0
DA:69,0
DA:70,0
DA:71,0
DA:72,0
DA:79,0
DA:80,0
DA:81,0
DA:83,0
DA:84,0
DA:85,0
DA:87,0
DA:88,0
DA:89,0
DA:91,0
DA:93,0
DA:95,0
DA:96,0
DA:97,0
LF:40
LH:0
end_of_record
SF:lib\shared\widgets\subtiltle_element.dart
DA:11,0
DA:13,0
DA:14,0
DA:15,0
DA:16,0
DA:17,0
DA:18,0
DA:19,0
DA:20,0
DA:25,0
DA:29,0
LF:11
LH:0
end_of_record
SF:lib\shared\widgets\text_element.dart
DA:11,0
DA:13,0
DA:14,0
DA:16,0
DA:17,0
DA:18,0
DA:19,0
DA:20,0
DA:21,0
DA:26,0
DA:30,0
LF:11
LH:0
end_of_record
SF:lib\pages\cup_details\widgets\row_role_type.dart
DA:11,14
DA:13,0
DA:15,0
DA:17,0
DA:18,0
DA:19,0
DA:20,0
DA:21,0
DA:22,0
DA:23,0
DA:24,0
DA:26,0
DA:28,0
DA:30,0
DA:32,0
DA:34,0
DA:35,0
DA:37,0
DA:38,0
DA:39,0
DA:45,0
DA:46,0
DA:49,0
DA:51,0
DA:52,0
DA:53,0
DA:63,0
DA:64,0
DA:66,0
DA:67,0
DA:68,0
DA:74,0
DA:75,0
DA:78,0
DA:80,0
DA:81,0
DA:82,0
DA:93,0
DA:94,0
DA:95,0
DA:96,0
LF:41
LH:1
end_of_record
SF:lib\pages\cup_details\widgets\text_field_team_name.dart
DA:8,0
DA:12,0
DA:16,0
DA:18,0
DA:19,0
DA:20,0
DA:21,0
DA:23,0
DA:25,0
DA:27,0
DA:28,0
DA:29,0
DA:33,0
DA:35,0
DA:45,0
DA:46,0
DA:47,0
LF:17
LH:0
end_of_record
SF:lib\pages\form_tournament\view\form_tournament_view.dart
DA:50,0
DA:79,0
DA:81,0
DA:83,0
DA:84,0
DA:86,0
DA:87,0
DA:88,0
DA:89,0
DA:90,0
DA:93,0
DA:94,0
DA:95,0
DA:96,0
DA:97,0
DA:100,0
DA:101,0
DA:103,0
DA:105,0
DA:108,0
DA:109,0
DA:110,0
DA:111,0
DA:112,0
DA:115,0
DA:116,0
DA:117,0
DA:118,0
DA:119,0
DA:120,0
DA:121,0
DA:122,0
DA:123,0
DA:124,0
DA:127,0
DA:128,0
DA:131,0
DA:132,0
DA:133,0
DA:136,0
DA:137,0
DA:138,0
DA:139,0
DA:142,0
DA:143,0
DA:146,0
DA:147,0
DA:148,0
DA:149,0
DA:150,0
DA:151,0
DA:152,0
DA:154,0
DA:155,0
DA:156,0
DA:159,0
DA:162,0
DA:163,0
DA:164,0
DA:167,0
DA:170,0
DA:171,0
DA:172,0
DA:174,0
DA:175,0
DA:176,0
DA:177,0
DA:178,0
DA:179,0
DA:180,0
DA:182,0
DA:185,0
DA:186,0
DA:190,0
DA:192,0
DA:193,0
DA:194,0
DA:195,0
DA:196,0
DA:197,0
DA:198,0
DA:199,0
DA:200,0
DA:201,0
DA:202,0
DA:204,0
DA:205,0
DA:206,0
DA:207,0
DA:208,0
DA:209,0
DA:210,0
DA:211,0
DA:212,0
DA:213,0
DA:214,0
DA:216,0
DA:217,0
DA:218,0
DA:219,0
DA:220,0
DA:222,0
DA:224,0
DA:225,0
DA:227,0
DA:234,0
DA:235,0
DA:244,0
DA:245,0
DA:246,0
DA:247,0
DA:248,0
DA:249,0
DA:250,0
DA:251,0
DA:252,0
DA:255,0
DA:256,0
DA:257,0
DA:258,0
DA:259,0
DA:260,0
DA:261,0
DA:262,0
DA:275,0
DA:276,0
DA:277,0
DA:278,0
DA:279,0
DA:282,0
DA:283,0
DA:284,0
DA:285,0
DA:286,0
DA:287,0
DA:289,0
DA:290,0
DA:291,0
DA:292,0
DA:293,0
DA:294,0
DA:295,0
DA:296,0
DA:298,0
DA:302,0
DA:304,0
DA:305,0
DA:306,0
DA:307,0
DA:308,0
DA:309,0
DA:311,0
DA:312,0
DA:314,0
DA:318,0
DA:320,0
DA:321,0
DA:324,0
DA:325,0
DA:327,0
DA:328,0
DA:329,0
DA:330,0
DA:332,0
DA:336,0
DA:338,0
DA:342,0
DA:344,0
DA:345,0
DA:346,0
DA:348,0
DA:349,0
DA:360,0
DA:362,0
DA:363,0
DA:364,0
DA:365,0
DA:367,0
DA:368,0
DA:370,0
DA:374,0
DA:375,0
DA:376,0
DA:377,0
DA:378,0
DA:379,0
DA:380,0
DA:384,0
DA:385,0
DA:388,0
DA:391,0
DA:393,0
DA:400,0
DA:401,0
DA:402,0
DA:403,0
DA:409,0
DA:416,0
DA:417,0
DA:418,0
DA:420,0
DA:421,0
DA:422,0
DA:423,0
DA:424,0
DA:428,0
DA:429,0
DA:430,0
DA:431,0
DA:432,0
DA:435,0
DA:436,0
DA:437,0
DA:439,0
DA:441,0
DA:444,0
DA:451,0
DA:452,0
DA:453,0
DA:454,0
DA:455,0
DA:457,0
DA:458,0
DA:460,0
DA:464,0
DA:465,0
DA:467,0
DA:469,0
DA:474,0
DA:478,0
DA:480,0
DA:481,0
DA:483,0
DA:489,0
DA:490,0
DA:499,0
DA:500,0
DA:501,0
DA:502,0
DA:503,0
DA:505,0
DA:506,0
DA:508,0
DA:512,0
DA:513,0
DA:516,0
DA:517,0
DA:518,0
DA:519,0
DA:524,0
DA:526,0
DA:527,0
DA:533,0
DA:534,0
DA:535,0
DA:540,0
DA:542,0
DA:543,0
DA:549,0
DA:550,0
DA:551,0
DA:555,0
DA:557,0
DA:558,0
DA:569,0
DA:570,0
DA:571,0
DA:572,0
DA:573,0
DA:575,0
DA:576,0
DA:578,0
DA:582,0
DA:584,0
DA:587,0
DA:588,0
DA:589,0
DA:590,0
DA:595,0
DA:596,0
DA:597,0
DA:598,0
DA:599,0
DA:605,0
DA:606,0
DA:607,0
DA:612,0
DA:614,0
DA:617,0
DA:619,0
DA:620,0
DA:621,0
DA:622,0
DA:624,0
DA:625,0
DA:631,0
DA:634,0
DA:635,0
DA:640,0
DA:641,0
DA:642,0
DA:645,0
DA:646,0
DA:647,0
DA:648,0
DA:649,0
DA:650,0
DA:651,0
DA:652,0
DA:653,0
DA:655,0
DA:659,0
DA:662,0
DA:663,0
DA:668,0
DA:669,0
DA:670,0
DA:673,0
DA:674,0
DA:675,0
DA:676,0
DA:677,0
DA:678,0
DA:679,0
DA:680,0
DA:681,0
DA:683,0
DA:687,0
DA:690,0
DA:691,0
DA:696,0
DA:697,0
DA:698,0
DA:704,0
DA:707,0
DA:708,0
DA:709,0
DA:710,0
DA:712,0
DA:718,0
DA:720,0
DA:721,0
DA:726,0
DA:727,0
DA:728,0
DA:734,0
DA:735,0
DA:736,0
DA:737,0
DA:739,0
DA:745,0
DA:746,0
DA:747,0
DA:749,0
DA:750,0
DA:752,0
DA:754,0
DA:755,0
DA:756,0
DA:757,0
DA:758,0
DA:760,0
DA:773,0
DA:783,0
DA:784,0
DA:785,0
DA:786,0
DA:787,0
DA:789,0
DA:790,0
DA:792,0
DA:796,0
DA:797,0
DA:798,0
DA:799,0
DA:801,0
DA:802,0
DA:803,0
DA:804,0
DA:805,0
DA:807,0
DA:808,0
DA:809,0
DA:810,0
DA:811,0
DA:813,0
DA:818,0
DA:819,0
DA:820,0
DA:821,0
DA:827,0
DA:828,0
DA:829,0
DA:844,0
DA:846,0
DA:847,0
DA:848,0
DA:849,0
DA:850,0
DA:853,0
DA:854,0
DA:855,0
DA:856,0
DA:857,0
DA:858,0
DA:860,0
DA:861,0
DA:862,0
DA:864,0
DA:865,0
DA:866,0
DA:868,0
DA:869,0
DA:870,0
DA:871,0
DA:873,0
DA:874,0
DA:875,0
DA:876,0
DA:877,0
DA:878,0
DA:879,0
DA:880,0
DA:881,0
DA:882,0
DA:883,0
DA:884,0
DA:886,0
DA:887,0
DA:889,0
DA:890,0
DA:892,0
DA:893,0
DA:894,0
DA:895,0
DA:896,0
DA:904,14
DA:906,0
DA:908,0
DA:910,0
DA:911,0
DA:912,0
DA:913,0
DA:915,0
DA:916,0
DA:918,0
DA:919,0
DA:920,0
DA:924,0
DA:925,0
DA:926,0
DA:927,0
DA:928,0
DA:929,0
DA:930,0
DA:931,0
DA:932,0
DA:934,0
DA:940,0
DA:941,0
DA:943,0
DA:945,0
DA:947,0
DA:952,0
DA:953,0
DA:954,0
DA:955,0
DA:957,0
DA:958,0
DA:959,0
DA:961,0
DA:965,0
DA:967,0
DA:970,0
DA:974,0
DA:976,0
DA:977,0
DA:993,14
DA:995,0
DA:997,0
DA:999,0
DA:1000,0
DA:1001,0
DA:1003,0
DA:1009,0
DA:1011,0
LF:486
LH:2
end_of_record
SF:lib\shared\widgets\custom_dropdown.dart
DA:15,0
DA:17,0
DA:18,0
DA:23,0
DA:25,0
DA:26,0
DA:28,0
DA:29,0
DA:30,0
DA:31,0
DA:33,0
DA:34,0
DA:35,0
DA:40,0
DA:41,0
DA:42,0
DA:47,0
DA:52,0
DA:54,0
DA:55,0
DA:58,0
DA:60,0
DA:61,0
DA:63,0
DA:64,0
DA:67,0
LF:26
LH:0
end_of_record
SF:lib\shared\widgets\custom_row_textfield_date.dart
DA:11,0
DA:26,0
DA:41,0
DA:43,0
DA:44,0
DA:45,0
DA:46,0
DA:47,0
DA:48,0
DA:49,0
DA:51,0
DA:53,0
DA:54,0
DA:56,0
DA:58,0
DA:59,0
DA:60,0
DA:61,0
DA:62,0
DA:63,0
DA:65,0
DA:67,0
DA:68,0
DA:80,0
DA:83,0
DA:85,0
DA:86,0
DA:87,0
DA:88,0
DA:89,0
DA:91,0
DA:93,0
DA:94,0
DA:107,0
DA:110,0
DA:112,0
DA:113,0
DA:114,0
DA:115,0
DA:117,0
DA:119,0
DA:134,0
DA:135,0
DA:138,0
DA:151,0
LF:45
LH:0
end_of_record
SF:lib\shared\widgets\game_card.dart
DA:9,0
DA:11,0
DA:13,0
DA:15,0
DA:16,0
DA:17,0
DA:18,0
DA:21,0
DA:22,0
DA:23,0
DA:25,0
DA:26,0
DA:27,0
DA:28,0
LF:14
LH:0
end_of_record
SF:lib\shared\widgets\no_data.dart
DA:5,0
DA:7,0
DA:9,0
DA:10,0
LF:4
LH:0
end_of_record
SF:lib\pages\list_cup\bloc\list_cup_filter_form_bloc.dart
DA:24,0
DA:27,0
DA:28,0
DA:29,0
DA:30,0
DA:31,0
DA:32,0
DA:33,0
DA:38,0
DA:39,0
DA:40,0
DA:41,0
DA:42,0
DA:43,0
LF:14
LH:0
end_of_record
SF:lib\pages\list_cup\widgets\row_tournament_state.dart
DA:6,28
DA:8,0
DA:10,0
DA:12,0
DA:14,0
DA:16,0
DA:17,0
DA:19,0
DA:20,0
DA:21,0
DA:22,0
DA:28,0
DA:32,0
DA:34,0
DA:35,0
DA:36,0
DA:37,0
DA:43,0
DA:47,0
DA:49,0
DA:50,0
DA:51,0
DA:52,0
DA:58,0
LF:24
LH:1
end_of_record
SF:lib\pages\list_cup\widgets\row_date_pick.dart
DA:8,0
DA:11,0
DA:16,0
DA:18,0
DA:19,0
DA:20,0
DA:21,0
DA:23,0
DA:25,0
DA:27,0
DA:28,0
DA:29,0
DA:31,0
DA:32,0
DA:33,0
DA:36,0
DA:38,0
DA:39,0
DA:42,0
DA:44,0
DA:47,0
DA:49,0
DA:50,0
DA:51,0
DA:52,0
DA:53,0
LF:26
LH:0
end_of_record
SF:lib\pages\list_cup\widgets\dropdown_tournament_state.dart
DA:7,0
DA:10,0
DA:14,0
DA:16,0
DA:17,0
DA:18,0
DA:19,0
DA:22,0
DA:24,0
DA:26,0
DA:27,0
DA:31,0
DA:37,0
DA:38,0
DA:42,0
DA:43,0
DA:49,0
LF:17
LH:0
end_of_record
SF:lib\pages\list_cup\widgets\dropdown_tournament_type.dart
DA:7,0
DA:10,0
DA:14,0
DA:16,0
DA:17,0
DA:18,0
DA:19,0
DA:22,0
DA:24,0
DA:26,0
DA:27,0
DA:31,0
DA:37,0
DA:38,0
DA:42,0
DA:43,0
DA:49,0
LF:17
LH:0
end_of_record
SF:lib\pages\list_cup\widgets\arrow_button.dart
DA:6,14
DA:8,0
DA:10,0
DA:12,0
DA:13,0
DA:15,0
DA:16,0
DA:17,0
DA:18,0
DA:19,0
DA:22,0
DA:23,0
DA:28,0
LF:13
LH:1
end_of_record
SF:lib\pages\list_cup\widgets\card_cup.dart
DA:17,0
DA:20,0
DA:22,0
DA:24,0
DA:25,0
DA:26,0
DA:27,0
DA:31,0
DA:32,0
DA:33,0
DA:34,0
DA:35,0
DA:36,0
DA:37,0
DA:38,0
DA:39,0
DA:43,0
DA:46,0
DA:47,0
DA:49,0
DA:51,0
DA:53,0
DA:54,0
DA:55,0
DA:56,0
LF:25
LH:0
end_of_record
SF:lib\pages\list_cup\widgets\text_field_name_cup.dart
DA:7,0
DA:10,0
DA:14,0
DA:16,0
DA:17,0
DA:18,0
DA:19,0
DA:21,0
DA:23,0
DA:25,0
DA:26,0
DA:27,0
DA:30,0
DA:32,0
DA:43,0
DA:44,0
LF:16
LH:0
end_of_record
SF:lib\pages\list_cup\widgets\shimmer_load_cup.dart
DA:7,14
DA:9,0
DA:11,0
DA:13,0
DA:15,0
DA:16,0
DA:17,0
DA:18,0
DA:20,0
DA:21,0
DA:25,0
DA:26,0
DA:27,0
DA:28,0
DA:30,0
LF:15
LH:1
end_of_record
SF:lib\pages\list_cup\view\floating_action_bottom_sheet.dart
DA:17,0
DA:19,0
DA:20,0
DA:21,0
DA:24,0
DA:25,0
DA:30,0
DA:33,0
DA:34,0
DA:35,0
DA:36,0
DA:37,0
DA:38,0
DA:39,0
DA:40,0
DA:41,0
DA:47,0
DA:50,0
DA:51,0
DA:52,0
DA:53,0
DA:54,0
DA:55,0
DA:56,0
DA:57,0
DA:58,0
DA:59,0
DA:64,0
LF:28
LH:0
end_of_record
SF:lib\pages\list_cup\widgets\bottom_bar.dart
DA:5,14
DA:7,0
DA:9,0
DA:11,0
DA:13,0
DA:14,0
LF:6
LH:1
end_of_record
SF:lib\pages\list_cup\view\list_cup_page.dart
DA:13,0
DA:14,0
DA:16,0
DA:17,0
DA:20,0
DA:21,0
DA:23,0
DA:24,0
DA:25,0
DA:26,0
DA:27,0
DA:28,0
DA:30,0
DA:31,0
DA:34,0
LF:15
LH:0
end_of_record
SF:lib\shared\widgets\custom_text_form_field.dart
DA:14,0
DA:23,0
DA:25,0
DA:27,0
DA:28,0
DA:29,0
DA:30,0
DA:31,0
DA:35,0
DA:36,0
DA:37,0
DA:40,0
DA:41,0
DA:44,0
DA:45,0
DA:46,0
DA:48,0
DA:49,0
DA:50,0
DA:52,0
DA:53,0
DA:54,0
LF:22
LH:0
end_of_record
SF:lib\pages\login\view\login_form.dart
DA:21,0
DA:23,0
DA:24,0
DA:25,0
DA:26,0
DA:29,0
DA:30,0
DA:31,0
DA:32,0
DA:34,0
DA:35,0
DA:36,0
DA:37,0
DA:38,0
DA:39,0
DA:40,0
DA:41,0
DA:44,0
DA:45,0
DA:46,0
DA:47,0
DA:48,0
DA:49,0
DA:54,0
DA:55,0
DA:60,0
DA:61,0
DA:62,0
DA:63,0
DA:64,0
DA:65,0
DA:67,0
DA:68,0
DA:69,0
DA:74,0
DA:75,0
DA:76,0
DA:77,0
DA:79,0
DA:80,0
DA:81,0
DA:82,0
DA:84,0
DA:85,0
DA:86,0
DA:98,0
DA:100,0
DA:102,0
DA:104,0
DA:105,0
DA:106,0
DA:109,0
DA:112,0
DA:113,0
DA:114,0
DA:116,0
DA:117,0
DA:118,0
DA:121,0
DA:122,0
DA:132,0
DA:134,0
DA:136,0
DA:138,0
DA:139,0
DA:140,0
DA:145,0
DA:148,0
DA:149,0
DA:150,0
DA:152,0
DA:153,0
DA:154,0
DA:157,0
DA:158,0
LF:75
LH:0
end_of_record
SF:lib\shared\widgets\custom_button_connect_with.dart
DA:11,0
DA:17,0
DA:19,0
DA:21,0
DA:22,0
DA:23,0
DA:24,0
DA:25,0
DA:26,0
DA:27,0
DA:28,0
DA:29,0
DA:30,0
DA:33,0
DA:34,0
DA:35,0
DA:36,0
DA:37,0
DA:39,0
DA:40,0
LF:20
LH:0
end_of_record
SF:lib\pages\start_page\widgets\custom_divider.dart
DA:9,0
DA:12,0
DA:14,0
DA:16,0
DA:17,0
DA:18,0
DA:19,0
DA:20,0
LF:8
LH:0
end_of_record
SF:lib\pages\login\view\login_page.dart
DA:10,14
DA:12,0
DA:13,0
DA:15,0
DA:17,0
DA:18,0
DA:19,0
DA:20,0
DA:21,0
DA:22,0
DA:23,0
DA:24,0
DA:30,0
LF:13
LH:1
end_of_record
SF:lib\pages\sign_up\bloc\sign_up_form_bloc.dart
DA:17,1
DA:18,1
DA:19,2
DA:20,1
DA:21,1
DA:22,1
DA:24,4
DA:25,4
DA:29,0
DA:30,0
DA:32,0
DA:33,0
DA:34,0
DA:36,0
DA:37,0
DA:38,0
DA:39,0
DA:41,0
LF:18
LH:8
end_of_record
SF:lib\pages\sign_up\view\sign_up_form.dart
DA:23,0
DA:25,0
DA:26,0
DA:27,0
DA:28,0
DA:30,0
DA:31,0
DA:32,0
DA:33,0
DA:34,0
DA:35,0
DA:36,0
DA:38,0
DA:39,0
DA:40,0
DA:41,0
DA:42,0
DA:43,0
DA:44,0
DA:45,0
DA:46,0
DA:47,0
DA:48,0
DA:49,0
DA:50,0
DA:51,0
DA:56,0
DA:57,0
DA:62,0
DA:63,0
DA:64,0
DA:65,0
DA:66,0
DA:67,0
DA:68,0
DA:69,0
DA:71,0
DA:72,0
DA:73,0
DA:74,0
DA:75,0
DA:81,0
DA:82,0
DA:83,0
DA:84,0
DA:86,0
DA:87,0
DA:88,0
DA:89,0
DA:91,0
DA:92,0
DA:93,0
LF:52
LH:0
end_of_record
SF:lib\pages\sign_up\view\sign_up_page.dart
DA:8,14
DA:10,0
DA:11,0
DA:14,0
DA:16,0
DA:17,0
DA:18,0
DA:20,0
DA:21,0
DA:22,0
LF:10
LH:1
end_of_record
SF:lib\pages\start_page\view\start_page_view.dart
DA:13,0
DA:15,0
DA:16,0
DA:17,0
DA:18,0
DA:19,0
DA:20,0
DA:21,0
DA:22,0
DA:24,0
DA:25,0
DA:26,0
DA:27,0
DA:28,0
DA:31,0
DA:32,0
DA:33,0
DA:34,0
DA:36,0
DA:37,0
DA:38,0
DA:41,0
DA:42,0
DA:43,0
DA:44,0
DA:46,0
DA:50,0
DA:51,0
DA:52,0
DA:53,0
DA:54,0
DA:56,0
DA:57,0
DA:58,0
DA:60,0
DA:61,0
DA:65,0
DA:66,0
DA:70,0
DA:80,0
DA:81,0
DA:84,0
DA:85,0
LF:43
LH:0
end_of_record
SF:lib\shared\widgets\custom_background_around_field.dart
DA:4,0
DA:8,0
DA:13,0
DA:15,0
DA:16,0
DA:17,0
DA:19,0
DA:21,0
DA:23,0
LF:9
LH:0
end_of_record
